{"/home/travis/build/npmtest/node-npmtest-sparkpost/test.js":{"path":"/home/travis/build/npmtest/node-npmtest-sparkpost/test.js","s":{"1":2,"2":2,"3":2,"4":2,"5":2,"6":2,"7":2,"8":1,"9":2,"10":2,"11":1,"12":1,"13":1,"14":1,"15":2,"16":2,"17":2,"18":2,"19":1,"20":1,"21":2,"22":2,"23":2,"24":1,"25":1,"26":1,"27":1,"28":1,"29":1,"30":1,"31":1,"32":1,"33":1,"34":1,"35":1,"36":1,"37":1,"38":1,"39":2,"40":2,"41":1,"42":2,"43":2,"44":1,"45":2,"46":2,"47":1,"48":2,"49":2,"50":1,"51":1,"52":1,"53":1,"54":1},"b":{"1":[2,1,1,1],"2":[1,1,1,1],"3":[1,1],"4":[1,1],"5":[1,1],"6":[1,1],"7":[1,1],"8":[1,1],"9":[1,1],"10":[1,1,1],"11":[1,1],"12":[1,1],"13":[1,1],"14":[1,1],"15":[1,1],"16":[1,1],"17":[1,1]},"f":{"1":2,"2":2,"3":2,"4":2,"5":2,"6":1,"7":1,"8":1,"9":2,"10":2,"11":2,"12":2,"13":1},"fnMap":{"1":{"name":"(anonymous_1)","line":12,"loc":{"start":{"line":12,"column":1},"end":{"line":12,"column":13}}},"2":{"name":"(anonymous_2)","line":19,"loc":{"start":{"line":19,"column":5},"end":{"line":19,"column":17}}},"3":{"name":"(anonymous_3)","line":23,"loc":{"start":{"line":23,"column":24},"end":{"line":23,"column":36}}},"4":{"name":"(anonymous_4)","line":61,"loc":{"start":{"line":61,"column":5},"end":{"line":61,"column":17}}},"5":{"name":"(anonymous_5)","line":82,"loc":{"start":{"line":82,"column":5},"end":{"line":82,"column":17}}},"6":{"name":"(anonymous_6)","line":91,"loc":{"start":{"line":91,"column":77},"end":{"line":94,"column":10}}},"7":{"name":"(anonymous_7)","line":112,"loc":{"start":{"line":112,"column":83},"end":{"line":115,"column":10}},"skip":true},"8":{"name":"(anonymous_8)","line":123,"loc":{"start":{"line":123,"column":77},"end":{"line":126,"column":10}},"skip":true},"9":{"name":"(anonymous_9)","line":139,"loc":{"start":{"line":139,"column":12},"end":{"line":139,"column":40}},"skip":true},"10":{"name":"(anonymous_10)","line":147,"loc":{"start":{"line":147,"column":77},"end":{"line":150,"column":10}},"skip":true},"11":{"name":"(anonymous_11)","line":158,"loc":{"start":{"line":158,"column":83},"end":{"line":161,"column":10}},"skip":true},"12":{"name":"(anonymous_12)","line":169,"loc":{"start":{"line":169,"column":79},"end":{"line":172,"column":10}},"skip":true},"13":{"name":"(anonymous_13)","line":180,"loc":{"start":{"line":180,"column":75},"end":{"line":183,"column":10}},"skip":true}},"statementMap":{"1":{"start":{"line":12,"column":0},"end":{"line":195,"column":5}},"2":{"start":{"line":14,"column":4},"end":{"line":14,"column":14}},"3":{"start":{"line":19,"column":4},"end":{"line":56,"column":9}},"4":{"start":{"line":21,"column":8},"end":{"line":21,"column":19}},"5":{"start":{"line":23,"column":8},"end":{"line":35,"column":13}},"6":{"start":{"line":24,"column":12},"end":{"line":34,"column":13}},"7":{"start":{"line":25,"column":16},"end":{"line":28,"column":30}},"8":{"start":{"line":30,"column":16},"end":{"line":33,"column":27}},"9":{"start":{"line":37,"column":8},"end":{"line":39,"column":21}},"10":{"start":{"line":40,"column":8},"end":{"line":53,"column":9}},"11":{"start":{"line":43,"column":12},"end":{"line":46,"column":14}},"12":{"start":{"line":47,"column":12},"end":{"line":47,"column":18}},"13":{"start":{"line":50,"column":12},"end":{"line":51,"column":33}},"14":{"start":{"line":52,"column":12},"end":{"line":52,"column":18}},"15":{"start":{"line":55,"column":8},"end":{"line":55,"column":35}},"16":{"start":{"line":61,"column":4},"end":{"line":63,"column":9}},"17":{"start":{"line":62,"column":8},"end":{"line":62,"column":15}},"18":{"start":{"line":64,"column":4},"end":{"line":77,"column":5}},"19":{"start":{"line":70,"column":8},"end":{"line":70,"column":14}},"20":{"start":{"line":76,"column":8},"end":{"line":76,"column":14}},"21":{"start":{"line":82,"column":4},"end":{"line":84,"column":9}},"22":{"start":{"line":83,"column":8},"end":{"line":83,"column":15}},"23":{"start":{"line":85,"column":4},"end":{"line":194,"column":5}},"24":{"start":{"line":91,"column":8},"end":{"line":99,"column":10}},"25":{"start":{"line":98,"column":12},"end":{"line":98,"column":35}},"26":{"start":{"line":102,"column":8},"end":{"line":104,"column":63}},"27":{"start":{"line":105,"column":8},"end":{"line":105,"column":14}},"28":{"start":{"line":112,"column":8},"end":{"line":121,"column":10},"skip":true},"29":{"start":{"line":119,"column":12},"end":{"line":119,"column":55},"skip":true},"30":{"start":{"line":120,"column":12},"end":{"line":120,"column":48},"skip":true},"31":{"start":{"line":123,"column":8},"end":{"line":136,"column":10},"skip":true},"32":{"start":{"line":130,"column":12},"end":{"line":130,"column":76},"skip":true},"33":{"start":{"line":131,"column":12},"end":{"line":131,"column":73},"skip":true},"34":{"start":{"line":132,"column":12},"end":{"line":132,"column":74},"skip":true},"35":{"start":{"line":133,"column":12},"end":{"line":133,"column":79},"skip":true},"36":{"start":{"line":134,"column":12},"end":{"line":134,"column":25},"skip":true},"37":{"start":{"line":135,"column":12},"end":{"line":135,"column":45},"skip":true},"38":{"start":{"line":138,"column":8},"end":{"line":145,"column":14},"skip":true},"39":{"start":{"line":143,"column":16},"end":{"line":143,"column":29},"skip":true},"40":{"start":{"line":144,"column":16},"end":{"line":144,"column":55},"skip":true},"41":{"start":{"line":147,"column":8},"end":{"line":156,"column":10},"skip":true},"42":{"start":{"line":154,"column":12},"end":{"line":154,"column":25},"skip":true},"43":{"start":{"line":155,"column":12},"end":{"line":155,"column":45},"skip":true},"44":{"start":{"line":158,"column":8},"end":{"line":167,"column":10},"skip":true},"45":{"start":{"line":165,"column":12},"end":{"line":165,"column":25},"skip":true},"46":{"start":{"line":166,"column":12},"end":{"line":166,"column":48},"skip":true},"47":{"start":{"line":169,"column":8},"end":{"line":178,"column":10},"skip":true},"48":{"start":{"line":176,"column":12},"end":{"line":176,"column":25},"skip":true},"49":{"start":{"line":177,"column":12},"end":{"line":177,"column":46},"skip":true},"50":{"start":{"line":180,"column":8},"end":{"line":189,"column":10},"skip":true},"51":{"start":{"line":187,"column":12},"end":{"line":187,"column":94},"skip":true},"52":{"start":{"line":188,"column":12},"end":{"line":188,"column":48},"skip":true},"53":{"start":{"line":192,"column":8},"end":{"line":192,"column":35},"skip":true},"54":{"start":{"line":193,"column":8},"end":{"line":193,"column":14},"skip":true}},"branchMap":{"1":{"line":25,"type":"binary-expr","locations":[{"start":{"line":25,"column":23},"end":{"line":25,"column":62}},{"start":{"line":26,"column":20},"end":{"line":26,"column":70}},{"start":{"line":27,"column":20},"end":{"line":27,"column":71}},{"start":{"line":28,"column":20},"end":{"line":28,"column":29}}]},"2":{"line":30,"type":"binary-expr","locations":[{"start":{"line":30,"column":23},"end":{"line":30,"column":37}},{"start":{"line":31,"column":20},"end":{"line":31,"column":61}},{"start":{"line":32,"column":20},"end":{"line":32,"column":70}},{"start":{"line":33,"column":20},"end":{"line":33,"column":26}}]},"3":{"line":37,"type":"cond-expr","locations":[{"start":{"line":38,"column":14},"end":{"line":38,"column":20}},{"start":{"line":39,"column":14},"end":{"line":39,"column":20}}]},"4":{"line":40,"type":"switch","locations":[{"start":{"line":42,"column":8},"end":{"line":47,"column":18}},{"start":{"line":49,"column":8},"end":{"line":52,"column":18}}]},"5":{"line":44,"type":"binary-expr","locations":[{"start":{"line":44,"column":16},"end":{"line":44,"column":44}},{"start":{"line":44,"column":48},"end":{"line":44,"column":66}}]},"6":{"line":50,"type":"binary-expr","locations":[{"start":{"line":50,"column":21},"end":{"line":50,"column":49}},{"start":{"line":50,"column":53},"end":{"line":50,"column":72}}]},"7":{"line":64,"type":"switch","locations":[{"start":{"line":69,"column":4},"end":{"line":70,"column":14}},{"start":{"line":75,"column":4},"end":{"line":76,"column":14}}]},"8":{"line":85,"type":"switch","locations":[{"start":{"line":90,"column":4},"end":{"line":105,"column":14}},{"start":{"line":111,"column":4},"end":{"line":193,"column":14},"skip":true}]},"9":{"line":91,"type":"binary-expr","locations":[{"start":{"line":91,"column":42},"end":{"line":91,"column":73}},{"start":{"line":91,"column":77},"end":{"line":99,"column":9}}]},"10":{"line":102,"type":"binary-expr","locations":[{"start":{"line":102,"column":18},"end":{"line":102,"column":32}},{"start":{"line":103,"column":12},"end":{"line":103,"column":53}},{"start":{"line":104,"column":12},"end":{"line":104,"column":61}}]},"11":{"line":112,"type":"binary-expr","locations":[{"start":{"line":112,"column":45},"end":{"line":112,"column":79},"skip":true},{"start":{"line":112,"column":83},"end":{"line":121,"column":9},"skip":true}]},"12":{"line":123,"type":"binary-expr","locations":[{"start":{"line":123,"column":42},"end":{"line":123,"column":73},"skip":true},{"start":{"line":123,"column":77},"end":{"line":136,"column":9},"skip":true}]},"13":{"line":138,"type":"binary-expr","locations":[{"start":{"line":138,"column":48},"end":{"line":138,"column":85},"skip":true},{"start":{"line":139,"column":12},"end":{"line":145,"column":13},"skip":true}]},"14":{"line":147,"type":"binary-expr","locations":[{"start":{"line":147,"column":42},"end":{"line":147,"column":73},"skip":true},{"start":{"line":147,"column":77},"end":{"line":156,"column":9},"skip":true}]},"15":{"line":158,"type":"binary-expr","locations":[{"start":{"line":158,"column":45},"end":{"line":158,"column":79},"skip":true},{"start":{"line":158,"column":83},"end":{"line":167,"column":9},"skip":true}]},"16":{"line":169,"type":"binary-expr","locations":[{"start":{"line":169,"column":43},"end":{"line":169,"column":75},"skip":true},{"start":{"line":169,"column":79},"end":{"line":178,"column":9},"skip":true}]},"17":{"line":180,"type":"binary-expr","locations":[{"start":{"line":180,"column":41},"end":{"line":180,"column":71},"skip":true},{"start":{"line":180,"column":75},"end":{"line":189,"column":9},"skip":true}]}},"code":["/* istanbul instrument in package npmtest_sparkpost */","/*jslint","    bitwise: true,","    browser: true,","    maxerr: 8,","    maxlen: 96,","    node: true,","    nomen: true,","    regexp: true,","    stupid: true","*/","(function () {","    'use strict';","    var local;","","","","    // run shared js-env code - pre-init","    (function () {","        // init local","        local = {};","        // init modeJs","        local.modeJs = (function () {","            try {","                return typeof navigator.userAgent === 'string' &&","                    typeof document.querySelector('body') === 'object' &&","                    typeof XMLHttpRequest.prototype.open === 'function' &&","                    'browser';","            } catch (errorCaughtBrowser) {","                return module.exports &&","                    typeof process.versions.node === 'string' &&","                    typeof require('http').createServer === 'function' &&","                    'node';","            }","        }());","        // init global","        local.global = local.modeJs === 'browser'","            ? window","            : global;","        switch (local.modeJs) {","        // re-init local from window.local","        case 'browser':","            local = local.global.utility2.objectSetDefault(","                local.global.utility2_rollup || local.global.local,","                local.global.utility2","            );","            break;","        // re-init local from example.js","        case 'node':","            local = (local.global.utility2_rollup || require('utility2'))","                .requireReadme();","            break;","        }","        // export local","        local.global.local = local;","    }());","","","","    // run shared js-env code - function","    (function () {","        return;","    }());","    switch (local.modeJs) {","","","","    // run browser js-env code - function","    case 'browser':","        break;","","","","    // run node js-env code - function","    case 'node':","        break;","    }","","","","    // run shared js-env code - post-init","    (function () {","        return;","    }());","    switch (local.modeJs) {","","","","    // run browser js-env code - post-init","    case 'browser':","        local.testCase_browser_nullCase = local.testCase_browser_nullCase || function (","            options,","            onError","        ) {","        /*","         * this function will test browsers's null-case handling-behavior-behavior","         */","            onError(null, options);","        };","","        // run tests","        local.nop(local.modeTest &&","            document.querySelector('#testRunButton1') &&","            document.querySelector('#testRunButton1').click());","        break;","","","","    // run node js-env code - post-init","    /* istanbul ignore next */","    case 'node':","        local.testCase_buildApidoc_default = local.testCase_buildApidoc_default || function (","            options,","            onError","        ) {","        /*","         * this function will test buildApidoc's default handling-behavior-behavior","         */","            options = { modulePathList: module.paths };","            local.buildApidoc(options, onError);","        };","","        local.testCase_buildApp_default = local.testCase_buildApp_default || function (","            options,","            onError","        ) {","        /*","         * this function will test buildApp's default handling-behavior-behavior","         */","            local.testCase_buildReadme_default(options, local.onErrorThrow);","            local.testCase_buildLib_default(options, local.onErrorThrow);","            local.testCase_buildTest_default(options, local.onErrorThrow);","            local.testCase_buildCustomOrg_default(options, local.onErrorThrow);","            options = [];","            local.buildApp(options, onError);","        };","","        local.testCase_buildCustomOrg_default = local.testCase_buildCustomOrg_default ||","            function (options, onError) {","            /*","             * this function will test buildCustomOrg's default handling-behavior","             */","                options = {};","                local.buildCustomOrg(options, onError);","            };","","        local.testCase_buildLib_default = local.testCase_buildLib_default || function (","            options,","            onError","        ) {","        /*","         * this function will test buildLib's default handling-behavior","         */","            options = {};","            local.buildLib(options, onError);","        };","","        local.testCase_buildReadme_default = local.testCase_buildReadme_default || function (","            options,","            onError","        ) {","        /*","         * this function will test buildReadme's default handling-behavior-behavior","         */","            options = {};","            local.buildReadme(options, onError);","        };","","        local.testCase_buildTest_default = local.testCase_buildTest_default || function (","            options,","            onError","        ) {","        /*","         * this function will test buildTest's default handling-behavior","         */","            options = {};","            local.buildTest(options, onError);","        };","","        local.testCase_webpage_default = local.testCase_webpage_default || function (","            options,","            onError","        ) {","        /*","         * this function will test webpage's default handling-behavior","         */","            options = { modeCoverageMerge: true, url: local.serverLocalHost + '?modeTest=1' };","            local.browserTest(options, onError);","        };","","        // run test-server","        local.testRunServer(local);","        break;","    }","}());",""],"l":{"12":2,"14":2,"19":2,"21":2,"23":2,"24":2,"25":2,"30":1,"37":2,"40":2,"43":1,"47":1,"50":1,"52":1,"55":2,"61":2,"62":2,"64":2,"70":1,"76":1,"82":2,"83":2,"85":2,"91":1,"98":1,"102":1,"105":1,"112":1,"119":1,"120":1,"123":1,"130":1,"131":1,"132":1,"133":1,"134":1,"135":1,"138":1,"143":2,"144":2,"147":1,"154":2,"155":2,"158":1,"165":2,"166":2,"169":1,"176":2,"177":2,"180":1,"187":1,"188":1,"192":1,"193":1}},"/home/travis/build/npmtest/node-npmtest-sparkpost/lib.npmtest_sparkpost.js":{"path":"/home/travis/build/npmtest/node-npmtest-sparkpost/lib.npmtest_sparkpost.js","s":{"1":2,"2":2,"3":2,"4":2,"5":2,"6":2,"7":2,"8":1,"9":2,"10":2,"11":2,"12":2,"13":1,"14":1,"15":1,"16":1},"b":{"1":[2,1,1,1],"2":[1,1,1,1],"3":[1,1],"4":[2,2],"5":[1,1]},"f":{"1":2,"2":2,"3":2},"fnMap":{"1":{"name":"(anonymous_1)","line":12,"loc":{"start":{"line":12,"column":1},"end":{"line":12,"column":13}}},"2":{"name":"(anonymous_2)","line":19,"loc":{"start":{"line":19,"column":5},"end":{"line":19,"column":17}}},"3":{"name":"(anonymous_3)","line":23,"loc":{"start":{"line":23,"column":24},"end":{"line":23,"column":36}}}},"statementMap":{"1":{"start":{"line":12,"column":0},"end":{"line":53,"column":5}},"2":{"start":{"line":14,"column":4},"end":{"line":14,"column":14}},"3":{"start":{"line":19,"column":4},"end":{"line":52,"column":9}},"4":{"start":{"line":21,"column":8},"end":{"line":21,"column":19}},"5":{"start":{"line":23,"column":8},"end":{"line":35,"column":13}},"6":{"start":{"line":24,"column":12},"end":{"line":34,"column":13}},"7":{"start":{"line":25,"column":16},"end":{"line":28,"column":30}},"8":{"start":{"line":30,"column":16},"end":{"line":33,"column":27}},"9":{"start":{"line":37,"column":8},"end":{"line":39,"column":21}},"10":{"start":{"line":41,"column":8},"end":{"line":41,"column":54}},"11":{"start":{"line":43,"column":8},"end":{"line":43,"column":54}},"12":{"start":{"line":45,"column":8},"end":{"line":51,"column":9}},"13":{"start":{"line":46,"column":12},"end":{"line":46,"column":60}},"14":{"start":{"line":48,"column":12},"end":{"line":48,"column":35}},"15":{"start":{"line":49,"column":12},"end":{"line":49,"column":49}},"16":{"start":{"line":50,"column":12},"end":{"line":50,"column":43}}},"branchMap":{"1":{"line":25,"type":"binary-expr","locations":[{"start":{"line":25,"column":23},"end":{"line":25,"column":62}},{"start":{"line":26,"column":20},"end":{"line":26,"column":70}},{"start":{"line":27,"column":20},"end":{"line":27,"column":71}},{"start":{"line":28,"column":20},"end":{"line":28,"column":29}}]},"2":{"line":30,"type":"binary-expr","locations":[{"start":{"line":30,"column":23},"end":{"line":30,"column":37}},{"start":{"line":31,"column":20},"end":{"line":31,"column":61}},{"start":{"line":32,"column":20},"end":{"line":32,"column":70}},{"start":{"line":33,"column":20},"end":{"line":33,"column":26}}]},"3":{"line":37,"type":"cond-expr","locations":[{"start":{"line":38,"column":14},"end":{"line":38,"column":20}},{"start":{"line":39,"column":14},"end":{"line":39,"column":20}}]},"4":{"line":41,"type":"binary-expr","locations":[{"start":{"line":41,"column":16},"end":{"line":41,"column":44}},{"start":{"line":41,"column":48},"end":{"line":41,"column":53}}]},"5":{"line":45,"type":"if","locations":[{"start":{"line":45,"column":8},"end":{"line":45,"column":8}},{"start":{"line":45,"column":8},"end":{"line":45,"column":8}}]}},"code":["/* istanbul instrument in package npmtest_sparkpost */","/*jslint","    bitwise: true,","    browser: true,","    maxerr: 8,","    maxlen: 96,","    node: true,","    nomen: true,","    regexp: true,","    stupid: true","*/","(function () {","    'use strict';","    var local;","","","","    // run shared js-env code - pre-init","    (function () {","        // init local","        local = {};","        // init modeJs","        local.modeJs = (function () {","            try {","                return typeof navigator.userAgent === 'string' &&","                    typeof document.querySelector('body') === 'object' &&","                    typeof XMLHttpRequest.prototype.open === 'function' &&","                    'browser';","            } catch (errorCaughtBrowser) {","                return module.exports &&","                    typeof process.versions.node === 'string' &&","                    typeof require('http').createServer === 'function' &&","                    'node';","            }","        }());","        // init global","        local.global = local.modeJs === 'browser'","            ? window","            : global;","        // init utility2_rollup","        local = local.global.utility2_rollup || local;","        // init lib","        local.local = local.npmtest_sparkpost = local;","        // init exports","        if (local.modeJs === 'browser') {","            local.global.utility2_npmtest_sparkpost = local;","        } else {","            module.exports = local;","            module.exports.__dirname = __dirname;","            module.exports.module = module;","        }","    }());","}());",""],"l":{"12":2,"14":2,"19":2,"21":2,"23":2,"24":2,"25":2,"30":1,"37":2,"41":2,"43":2,"45":2,"46":1,"48":1,"49":1,"50":1}},"/home/travis/build/npmtest/node-npmtest-sparkpost/example.js":{"path":"/home/travis/build/npmtest/node-npmtest-sparkpost/example.js","s":{"1":2,"2":2,"3":2,"4":2,"5":2,"6":2,"7":2,"8":1,"9":2,"10":2,"11":2,"12":2,"13":1,"14":2,"15":2,"16":2,"17":2,"18":2,"19":0,"20":2,"21":1,"22":1,"23":1,"24":1,"25":1,"26":0,"27":0,"28":1,"29":1,"30":2,"31":0,"32":0,"33":0,"34":1,"35":2,"36":2,"37":3,"38":3,"39":3,"40":3,"41":0,"42":3,"43":3,"44":3,"45":1,"46":3,"47":1,"48":1,"49":1,"50":1,"51":1,"52":1,"53":1,"54":1,"55":1,"56":1,"57":0,"58":1,"59":6,"60":6,"61":1,"62":2,"63":0,"64":2,"65":1,"66":1,"67":0,"68":0,"69":0,"70":0,"71":0,"72":0,"73":0,"74":0,"75":0,"76":0,"77":0,"78":0,"79":0,"80":0,"81":0,"82":0,"83":0},"b":{"1":[2,1,1,1],"2":[1,1,1,1],"3":[1,1],"4":[2,2],"5":[1,1],"6":[1,1],"7":[2,0],"8":[2,1,1,1,1,1],"9":[0,2,0],"10":[1,1],"11":[2,1,1],"12":[1,0],"13":[0,2],"14":[2,0,0,0,0,0,0],"15":[0,3],"16":[3,0],"17":[1,1],"18":[0,1],"19":[1,2,0,2],"20":[1,0],"21":[1,1],"22":[0,0],"23":[0,0],"24":[0,0],"25":[0,0],"26":[0,0],"27":[0,0],"28":[0,0]},"f":{"1":2,"2":2,"3":2,"4":2,"5":2,"6":2,"7":3,"8":3,"9":3,"10":1,"11":6,"12":0},"fnMap":{"1":{"name":"(anonymous_1)","line":26,"loc":{"start":{"line":26,"column":1},"end":{"line":26,"column":13}}},"2":{"name":"(anonymous_2)","line":33,"loc":{"start":{"line":33,"column":5},"end":{"line":33,"column":17}}},"3":{"name":"(anonymous_3)","line":37,"loc":{"start":{"line":37,"column":24},"end":{"line":37,"column":36}}},"4":{"name":"(anonymous_4)","line":69,"loc":{"start":{"line":69,"column":31},"end":{"line":69,"column":48}},"skip":true},"5":{"name":"(anonymous_5)","line":78,"loc":{"start":{"line":78,"column":26},"end":{"line":78,"column":45}},"skip":true},"6":{"name":"(anonymous_6)","line":123,"loc":{"start":{"line":123,"column":33},"end":{"line":123,"column":48}},"skip":true},"7":{"name":"(anonymous_7)","line":125,"loc":{"start":{"line":125,"column":27},"end":{"line":125,"column":39}},"skip":true},"8":{"name":"(anonymous_8)","line":133,"loc":{"start":{"line":133,"column":59},"end":{"line":133,"column":74}},"skip":true},"9":{"name":"(anonymous_9)","line":143,"loc":{"start":{"line":143,"column":45},"end":{"line":143,"column":62}},"skip":true},"10":{"name":"(anonymous_10)","line":144,"loc":{"start":{"line":144,"column":73},"end":{"line":144,"column":92}},"skip":true},"11":{"name":"(anonymous_11)","line":272,"loc":{"start":{"line":272,"column":51},"end":{"line":272,"column":77}},"skip":true},"12":{"name":"(anonymous_12)","line":315,"loc":{"start":{"line":315,"column":32},"end":{"line":315,"column":61}},"skip":true}},"statementMap":{"1":{"start":{"line":26,"column":0},"end":{"line":326,"column":5}},"2":{"start":{"line":28,"column":4},"end":{"line":28,"column":14}},"3":{"start":{"line":33,"column":4},"end":{"line":60,"column":9}},"4":{"start":{"line":35,"column":8},"end":{"line":35,"column":19}},"5":{"start":{"line":37,"column":8},"end":{"line":49,"column":13}},"6":{"start":{"line":38,"column":12},"end":{"line":48,"column":13}},"7":{"start":{"line":39,"column":16},"end":{"line":42,"column":30}},"8":{"start":{"line":44,"column":16},"end":{"line":47,"column":27}},"9":{"start":{"line":51,"column":8},"end":{"line":53,"column":21}},"10":{"start":{"line":55,"column":8},"end":{"line":57,"column":45}},"11":{"start":{"line":59,"column":8},"end":{"line":59,"column":35}},"12":{"start":{"line":61,"column":4},"end":{"line":325,"column":5}},"13":{"start":{"line":69,"column":8},"end":{"line":121,"column":10},"skip":true},"14":{"start":{"line":70,"column":12},"end":{"line":88,"column":13},"skip":true},"15":{"start":{"line":76,"column":16},"end":{"line":87,"column":19},"skip":true},"16":{"start":{"line":79,"column":20},"end":{"line":86,"column":21},"skip":true},"17":{"start":{"line":82,"column":24},"end":{"line":82,"column":43},"skip":true},"18":{"start":{"line":83,"column":24},"end":{"line":83,"column":30},"skip":true},"19":{"start":{"line":85,"column":24},"end":{"line":85,"column":49},"skip":true},"20":{"start":{"line":89,"column":12},"end":{"line":107,"column":13},"skip":true},"21":{"start":{"line":92,"column":16},"end":{"line":102,"column":17},"skip":true},"22":{"start":{"line":93,"column":20},"end":{"line":93,"column":86},"skip":true},"23":{"start":{"line":94,"column":20},"end":{"line":95,"column":45},"skip":true},"24":{"start":{"line":96,"column":20},"end":{"line":96,"column":42},"skip":true},"25":{"start":{"line":97,"column":20},"end":{"line":97,"column":48},"skip":true},"26":{"start":{"line":100,"column":20},"end":{"line":100,"column":85},"skip":true},"27":{"start":{"line":101,"column":20},"end":{"line":101,"column":96},"skip":true},"28":{"start":{"line":103,"column":16},"end":{"line":103,"column":22},"skip":true},"29":{"start":{"line":106,"column":16},"end":{"line":106,"column":22},"skip":true},"30":{"start":{"line":108,"column":12},"end":{"line":120,"column":13},"skip":true},"31":{"start":{"line":114,"column":16},"end":{"line":119,"column":17},"skip":true},"32":{"start":{"line":116,"column":20},"end":{"line":116,"column":78},"skip":true},"33":{"start":{"line":118,"column":20},"end":{"line":118,"column":47},"skip":true},"34":{"start":{"line":123,"column":8},"end":{"line":141,"column":11},"skip":true},"35":{"start":{"line":124,"column":12},"end":{"line":124,"column":54},"skip":true},"36":{"start":{"line":125,"column":12},"end":{"line":140,"column":14},"skip":true},"37":{"start":{"line":126,"column":16},"end":{"line":126,"column":28},"skip":true},"38":{"start":{"line":127,"column":16},"end":{"line":127,"column":69},"skip":true},"39":{"start":{"line":128,"column":16},"end":{"line":128,"column":75},"skip":true},"40":{"start":{"line":129,"column":16},"end":{"line":131,"column":17},"skip":true},"41":{"start":{"line":130,"column":20},"end":{"line":130,"column":27},"skip":true},"42":{"start":{"line":133,"column":16},"end":{"line":137,"column":36},"skip":true},"43":{"start":{"line":134,"column":20},"end":{"line":136,"column":55},"skip":true},"44":{"start":{"line":139,"column":16},"end":{"line":139,"column":57},"skip":true},"45":{"start":{"line":143,"column":8},"end":{"line":147,"column":11},"skip":true},"46":{"start":{"line":144,"column":12},"end":{"line":146,"column":15},"skip":true},"47":{"start":{"line":145,"column":16},"end":{"line":145,"column":70},"skip":true},"48":{"start":{"line":149,"column":8},"end":{"line":149,"column":31},"skip":true},"49":{"start":{"line":150,"column":8},"end":{"line":150,"column":14},"skip":true},"50":{"start":{"line":158,"column":8},"end":{"line":158,"column":31},"skip":true},"51":{"start":{"line":160,"column":8},"end":{"line":160,"column":33},"skip":true},"52":{"start":{"line":161,"column":8},"end":{"line":161,"column":37},"skip":true},"53":{"start":{"line":162,"column":8},"end":{"line":162,"column":35},"skip":true},"54":{"start":{"line":164,"column":8},"end":{"line":164,"column":50},"skip":true},"55":{"start":{"line":166,"column":8},"end":{"line":256,"column":2},"skip":true},"56":{"start":{"line":258,"column":8},"end":{"line":286,"column":9},"skip":true},"57":{"start":{"line":259,"column":12},"end":{"line":269,"column":14},"skip":true},"58":{"start":{"line":271,"column":12},"end":{"line":285,"column":19},"skip":true},"59":{"start":{"line":274,"column":20},"end":{"line":274,"column":35},"skip":true},"60":{"start":{"line":275,"column":20},"end":{"line":284,"column":21},"skip":true},"61":{"start":{"line":277,"column":24},"end":{"line":277,"column":64},"skip":true},"62":{"start":{"line":279,"column":24},"end":{"line":279,"column":40},"skip":true},"63":{"start":{"line":281,"column":24},"end":{"line":281,"column":40},"skip":true},"64":{"start":{"line":283,"column":24},"end":{"line":283,"column":39},"skip":true},"65":{"start":{"line":288,"column":8},"end":{"line":290,"column":9},"skip":true},"66":{"start":{"line":289,"column":12},"end":{"line":289,"column":18},"skip":true},"67":{"start":{"line":291,"column":8},"end":{"line":293,"column":54},"skip":true},"68":{"start":{"line":296,"column":8},"end":{"line":301,"column":37},"skip":true},"69":{"start":{"line":303,"column":8},"end":{"line":303,"column":82},"skip":true},"70":{"start":{"line":306,"column":8},"end":{"line":308,"column":9},"skip":true},"71":{"start":{"line":307,"column":12},"end":{"line":307,"column":82},"skip":true},"72":{"start":{"line":310,"column":8},"end":{"line":312,"column":9},"skip":true},"73":{"start":{"line":311,"column":12},"end":{"line":311,"column":18},"skip":true},"74":{"start":{"line":313,"column":8},"end":{"line":313,"column":54},"skip":true},"75":{"start":{"line":314,"column":8},"end":{"line":314,"column":69},"skip":true},"76":{"start":{"line":315,"column":8},"end":{"line":323,"column":36},"skip":true},"77":{"start":{"line":316,"column":12},"end":{"line":316,"column":61},"skip":true},"78":{"start":{"line":317,"column":12},"end":{"line":320,"column":13},"skip":true},"79":{"start":{"line":318,"column":16},"end":{"line":318,"column":75},"skip":true},"80":{"start":{"line":319,"column":16},"end":{"line":319,"column":23},"skip":true},"81":{"start":{"line":321,"column":12},"end":{"line":321,"column":38},"skip":true},"82":{"start":{"line":322,"column":12},"end":{"line":322,"column":27},"skip":true},"83":{"start":{"line":324,"column":8},"end":{"line":324,"column":14},"skip":true}},"branchMap":{"1":{"line":39,"type":"binary-expr","locations":[{"start":{"line":39,"column":23},"end":{"line":39,"column":62}},{"start":{"line":40,"column":20},"end":{"line":40,"column":70}},{"start":{"line":41,"column":20},"end":{"line":41,"column":71}},{"start":{"line":42,"column":20},"end":{"line":42,"column":29}}]},"2":{"line":44,"type":"binary-expr","locations":[{"start":{"line":44,"column":23},"end":{"line":44,"column":37}},{"start":{"line":45,"column":20},"end":{"line":45,"column":61}},{"start":{"line":46,"column":20},"end":{"line":46,"column":70}},{"start":{"line":47,"column":20},"end":{"line":47,"column":26}}]},"3":{"line":51,"type":"cond-expr","locations":[{"start":{"line":52,"column":14},"end":{"line":52,"column":20}},{"start":{"line":53,"column":14},"end":{"line":53,"column":20}}]},"4":{"line":55,"type":"binary-expr","locations":[{"start":{"line":55,"column":16},"end":{"line":55,"column":44}},{"start":{"line":55,"column":49},"end":{"line":57,"column":43}}]},"5":{"line":55,"type":"cond-expr","locations":[{"start":{"line":56,"column":14},"end":{"line":56,"column":53}},{"start":{"line":57,"column":14},"end":{"line":57,"column":43}}]},"6":{"line":61,"type":"switch","locations":[{"start":{"line":68,"column":4},"end":{"line":150,"column":14},"skip":true},{"start":{"line":156,"column":4},"end":{"line":324,"column":14},"skip":true}]},"7":{"line":70,"type":"if","locations":[{"start":{"line":70,"column":12},"end":{"line":70,"column":12},"skip":true},{"start":{"line":70,"column":12},"end":{"line":70,"column":12},"skip":true}]},"8":{"line":70,"type":"binary-expr","locations":[{"start":{"line":70,"column":16},"end":{"line":70,"column":22},"skip":true},{"start":{"line":70,"column":27},"end":{"line":70,"column":32},"skip":true},{"start":{"line":71,"column":20},"end":{"line":71,"column":39},"skip":true},{"start":{"line":72,"column":20},"end":{"line":72,"column":49},"skip":true},{"start":{"line":73,"column":20},"end":{"line":73,"column":58},"skip":true},{"start":{"line":74,"column":20},"end":{"line":74,"column":69},"skip":true}]},"9":{"line":79,"type":"switch","locations":[{"start":{"line":80,"column":20},"end":{"line":80,"column":33},"skip":true},{"start":{"line":81,"column":20},"end":{"line":83,"column":30},"skip":true},{"start":{"line":84,"column":20},"end":{"line":85,"column":49},"skip":true}]},"10":{"line":89,"type":"switch","locations":[{"start":{"line":90,"column":12},"end":{"line":103,"column":22},"skip":true},{"start":{"line":105,"column":12},"end":{"line":106,"column":22},"skip":true}]},"11":{"line":89,"type":"binary-expr","locations":[{"start":{"line":89,"column":20},"end":{"line":89,"column":25},"skip":true},{"start":{"line":89,"column":29},"end":{"line":89,"column":48},"skip":true},{"start":{"line":89,"column":52},"end":{"line":89,"column":74},"skip":true}]},"12":{"line":92,"type":"if","locations":[{"start":{"line":92,"column":16},"end":{"line":92,"column":16},"skip":true},{"start":{"line":92,"column":16},"end":{"line":92,"column":16},"skip":true}]},"13":{"line":108,"type":"if","locations":[{"start":{"line":108,"column":12},"end":{"line":108,"column":12},"skip":true},{"start":{"line":108,"column":12},"end":{"line":108,"column":12},"skip":true}]},"14":{"line":108,"type":"binary-expr","locations":[{"start":{"line":108,"column":16},"end":{"line":108,"column":61},"skip":true},{"start":{"line":108,"column":66},"end":{"line":108,"column":72},"skip":true},{"start":{"line":108,"column":77},"end":{"line":108,"column":82},"skip":true},{"start":{"line":109,"column":20},"end":{"line":109,"column":39},"skip":true},{"start":{"line":110,"column":20},"end":{"line":110,"column":49},"skip":true},{"start":{"line":111,"column":20},"end":{"line":111,"column":58},"skip":true},{"start":{"line":112,"column":20},"end":{"line":112,"column":68},"skip":true}]},"15":{"line":129,"type":"if","locations":[{"start":{"line":129,"column":16},"end":{"line":129,"column":16},"skip":true},{"start":{"line":129,"column":16},"end":{"line":129,"column":16},"skip":true}]},"16":{"line":134,"type":"cond-expr","locations":[{"start":{"line":135,"column":26},"end":{"line":135,"column":29},"skip":true},{"start":{"line":136,"column":26},"end":{"line":136,"column":54},"skip":true}]},"17":{"line":164,"type":"binary-expr","locations":[{"start":{"line":164,"column":27},"end":{"line":164,"column":43},"skip":true},{"start":{"line":164,"column":47},"end":{"line":164,"column":49},"skip":true}]},"18":{"line":258,"type":"if","locations":[{"start":{"line":258,"column":8},"end":{"line":258,"column":8},"skip":true},{"start":{"line":258,"column":8},"end":{"line":258,"column":8},"skip":true}]},"19":{"line":275,"type":"switch","locations":[{"start":{"line":276,"column":20},"end":{"line":277,"column":64},"skip":true},{"start":{"line":278,"column":20},"end":{"line":279,"column":40},"skip":true},{"start":{"line":280,"column":20},"end":{"line":281,"column":40},"skip":true},{"start":{"line":282,"column":20},"end":{"line":283,"column":39},"skip":true}]},"20":{"line":288,"type":"if","locations":[{"start":{"line":288,"column":8},"end":{"line":288,"column":8},"skip":true},{"start":{"line":288,"column":8},"end":{"line":288,"column":8},"skip":true}]},"21":{"line":288,"type":"binary-expr","locations":[{"start":{"line":288,"column":12},"end":{"line":288,"column":40},"skip":true},{"start":{"line":288,"column":44},"end":{"line":288,"column":67},"skip":true}]},"22":{"line":292,"type":"binary-expr","locations":[{"start":{"line":292,"column":12},"end":{"line":292,"column":50},"skip":true},{"start":{"line":293,"column":12},"end":{"line":293,"column":53},"skip":true}]},"23":{"line":297,"type":"binary-expr","locations":[{"start":{"line":297,"column":12},"end":{"line":297,"column":67},"skip":true},{"start":{"line":298,"column":12},"end":{"line":301,"column":36},"skip":true}]},"24":{"line":303,"type":"binary-expr","locations":[{"start":{"line":303,"column":43},"end":{"line":303,"column":75},"skip":true},{"start":{"line":303,"column":79},"end":{"line":303,"column":81},"skip":true}]},"25":{"line":306,"type":"if","locations":[{"start":{"line":306,"column":8},"end":{"line":306,"column":8},"skip":true},{"start":{"line":306,"column":8},"end":{"line":306,"column":8},"skip":true}]},"26":{"line":310,"type":"if","locations":[{"start":{"line":310,"column":8},"end":{"line":310,"column":8},"skip":true},{"start":{"line":310,"column":8},"end":{"line":310,"column":8},"skip":true}]},"27":{"line":313,"type":"binary-expr","locations":[{"start":{"line":313,"column":27},"end":{"line":313,"column":43},"skip":true},{"start":{"line":313,"column":47},"end":{"line":313,"column":53},"skip":true}]},"28":{"line":317,"type":"if","locations":[{"start":{"line":317,"column":12},"end":{"line":317,"column":12},"skip":true},{"start":{"line":317,"column":12},"end":{"line":317,"column":12},"skip":true}]}},"code":["/*","example.js","","quickstart example","","instruction","    1. save this script as example.js","    2. run the shell command:","        $ npm install npmtest-sparkpost && PORT=8081 node example.js","    3. play with the browser-demo on http://127.0.0.1:8081","*/","","","","/* istanbul instrument in package npmtest_sparkpost */","/*jslint","    bitwise: true,","    browser: true,","    maxerr: 8,","    maxlen: 96,","    node: true,","    nomen: true,","    regexp: true,","    stupid: true","*/","(function () {","    'use strict';","    var local;","","","","    // run shared js-env code - pre-init","    (function () {","        // init local","        local = {};","        // init modeJs","        local.modeJs = (function () {","            try {","                return typeof navigator.userAgent === 'string' &&","                    typeof document.querySelector('body') === 'object' &&","                    typeof XMLHttpRequest.prototype.open === 'function' &&","                    'browser';","            } catch (errorCaughtBrowser) {","                return module.exports &&","                    typeof process.versions.node === 'string' &&","                    typeof require('http').createServer === 'function' &&","                    'node';","            }","        }());","        // init global","        local.global = local.modeJs === 'browser'","            ? window","            : global;","        // init utility2_rollup","        local = local.global.utility2_rollup || (local.modeJs === 'browser'","            ? local.global.utility2_npmtest_sparkpost","            : global.utility2_moduleExports);","        // export local","        local.global.local = local;","    }());","    switch (local.modeJs) {","","","","    // post-init","    // run browser js-env code - post-init","    /* istanbul ignore next */","    case 'browser':","        local.testRunBrowser = function (event) {","            if (!event || (event &&","                    event.currentTarget &&","                    event.currentTarget.className &&","                    event.currentTarget.className.includes &&","                    event.currentTarget.className.includes('onreset'))) {","                // reset output","                Array.from(","                    document.querySelectorAll('body > .resettable')","                ).forEach(function (element) {","                    switch (element.tagName) {","                    case 'INPUT':","                    case 'TEXTAREA':","                        element.value = '';","                        break;","                    default:","                        element.textContent = '';","                    }","                });","            }","            switch (event && event.currentTarget && event.currentTarget.id) {","            case 'testRunButton1':","                // show tests","                if (document.querySelector('#testReportDiv1').style.display === 'none') {","                    document.querySelector('#testReportDiv1').style.display = 'block';","                    document.querySelector('#testRunButton1').textContent =","                        'hide internal test';","                    local.modeTest = true;","                    local.testRunDefault(local);","                // hide tests","                } else {","                    document.querySelector('#testReportDiv1').style.display = 'none';","                    document.querySelector('#testRunButton1').textContent = 'run internal test';","                }","                break;","            // custom-case","            default:","                break;","            }","            if (document.querySelector('#inputTextareaEval1') && (!event || (event &&","                    event.currentTarget &&","                    event.currentTarget.className &&","                    event.currentTarget.className.includes &&","                    event.currentTarget.className.includes('oneval')))) {","                // try to eval input-code","                try {","                    /*jslint evil: true*/","                    eval(document.querySelector('#inputTextareaEval1').value);","                } catch (errorCaught) {","                    console.error(errorCaught);","                }","            }","        };","        // log stderr and stdout to #outputTextareaStdout1","        ['error', 'log'].forEach(function (key) {","            console[key + '_original'] = console[key];","            console[key] = function () {","                var element;","                console[key + '_original'].apply(console, arguments);","                element = document.querySelector('#outputTextareaStdout1');","                if (!element) {","                    return;","                }","                // append text to #outputTextareaStdout1","                element.value += Array.from(arguments).map(function (arg) {","                    return typeof arg === 'string'","                        ? arg","                        : JSON.stringify(arg, null, 4);","                }).join(' ') + '\\n';","                // scroll textarea to bottom","                element.scrollTop = element.scrollHeight;","            };","        });","        // init event-handling","        ['change', 'click', 'keyup'].forEach(function (event) {","            Array.from(document.querySelectorAll('.on' + event)).forEach(function (element) {","                element.addEventListener(event, local.testRunBrowser);","            });","        });","        // run tests","        local.testRunBrowser();","        break;","","","","    // run node js-env code - post-init","    /* istanbul ignore next */","    case 'node':","        // export local","        module.exports = local;","        // require modules","        local.fs = require('fs');","        local.http = require('http');","        local.url = require('url');","        // init assets","        local.assetsDict = local.assetsDict || {};","        /* jslint-ignore-begin */","        local.assetsDict['/assets.index.template.html'] = '\\","<!doctype html>\\n\\","<html lang=\"en\">\\n\\","<head>\\n\\","<meta charset=\"UTF-8\">\\n\\","<meta name=\"viewport\" content=\"width=device-width, initial-scale=1\">\\n\\","<title>{{env.npm_package_name}} (v{{env.npm_package_version}})</title>\\n\\","<style>\\n\\","/*csslint\\n\\","    box-sizing: false,\\n\\","    universal-selector: false\\n\\","*/\\n\\","* {\\n\\","    box-sizing: border-box;\\n\\","}\\n\\","body {\\n\\","    background: #dde;\\n\\","    font-family: Arial, Helvetica, sans-serif;\\n\\","    margin: 2rem;\\n\\","}\\n\\","body > * {\\n\\","    margin-bottom: 1rem;\\n\\","}\\n\\",".utility2FooterDiv {\\n\\","    margin-top: 20px;\\n\\","    text-align: center;\\n\\","}\\n\\","</style>\\n\\","<style>\\n\\","/*csslint\\n\\","*/\\n\\","textarea {\\n\\","    font-family: monospace;\\n\\","    height: 10rem;\\n\\","    width: 100%;\\n\\","}\\n\\","textarea[readonly] {\\n\\","    background: #ddd;\\n\\","}\\n\\","</style>\\n\\","</head>\\n\\","<body>\\n\\","<!-- utility2-comment\\n\\","<div id=\"ajaxProgressDiv1\" style=\"background: #d00; height: 2px; left: 0; margin: 0; padding: 0; position: fixed; top: 0; transition: background 0.5s, width 1.5s; width: 25%;\"></div>\\n\\","utility2-comment -->\\n\\","<h1>\\n\\","<!-- utility2-comment\\n\\","    <a\\n\\","        {{#if env.npm_package_homepage}}\\n\\","        href=\"{{env.npm_package_homepage}}\"\\n\\","        {{/if env.npm_package_homepage}}\\n\\","        target=\"_blank\"\\n\\","    >\\n\\","utility2-comment -->\\n\\","        {{env.npm_package_name}} (v{{env.npm_package_version}})\\n\\","<!-- utility2-comment\\n\\","    </a>\\n\\","utility2-comment -->\\n\\","</h1>\\n\\","<h3>{{env.npm_package_description}}</h3>\\n\\","<!-- utility2-comment\\n\\","<h4><a download href=\"assets.app.js\">download standalone app</a></h4>\\n\\","<button class=\"onclick onreset\" id=\"testRunButton1\">run internal test</button><br>\\n\\","<div id=\"testReportDiv1\" style=\"display: none;\"></div>\\n\\","utility2-comment -->\\n\\","\\n\\","\\n\\","\\n\\","<label>stderr and stdout</label>\\n\\","<textarea class=\"resettable\" id=\"outputTextareaStdout1\" readonly></textarea>\\n\\","<!-- utility2-comment\\n\\","{{#if isRollup}}\\n\\","<script src=\"assets.app.js\"></script>\\n\\","{{#unless isRollup}}\\n\\","utility2-comment -->\\n\\","<script src=\"assets.utility2.rollup.js\"></script>\\n\\","<script src=\"jsonp.utility2._stateInit?callback=window.utility2._stateInit\"></script>\\n\\","<script src=\"assets.npmtest_sparkpost.rollup.js\"></script>\\n\\","<script src=\"assets.example.js\"></script>\\n\\","<script src=\"assets.test.js\"></script>\\n\\","<!-- utility2-comment\\n\\","{{/if isRollup}}\\n\\","utility2-comment -->\\n\\","<div class=\"utility2FooterDiv\">\\n\\","    [ this app was created with\\n\\","    <a href=\"https://github.com/kaizhu256/node-utility2\" target=\"_blank\">utility2</a>\\n\\","    ]\\n\\","</div>\\n\\","</body>\\n\\","</html>\\n\\","';","        /* jslint-ignore-end */","        if (local.templateRender) {","            local.assetsDict['/'] = local.templateRender(","                local.assetsDict['/assets.index.template.html'],","                {","                    env: local.objectSetDefault(local.env, {","                        npm_package_description: 'the greatest app in the world!',","                        npm_package_name: 'my-app',","                        npm_package_nameAlias: 'my_app',","                        npm_package_version: '0.0.1'","                    })","                }","            );","        } else {","            local.assetsDict['/'] = local.assetsDict['/assets.index.template.html']","                .replace((/\\{\\{env\\.(\\w+?)\\}\\}/g), function (match0, match1) {","                    // jslint-hack","                    String(match0);","                    switch (match1) {","                    case 'npm_package_description':","                        return 'the greatest app in the world!';","                    case 'npm_package_name':","                        return 'my-app';","                    case 'npm_package_nameAlias':","                        return 'my_app';","                    case 'npm_package_version':","                        return '0.0.1';","                    }","                });","        }","        // run the cli","        if (local.global.utility2_rollup || module !== require.main) {","            break;","        }","        local.assetsDict['/assets.example.js'] =","            local.assetsDict['/assets.example.js'] ||","            local.fs.readFileSync(__filename, 'utf8');","        // bug-workaround - long $npm_package_buildCustomOrg","        /* jslint-ignore-begin */","        local.assetsDict['/assets.npmtest_sparkpost.rollup.js'] =","            local.assetsDict['/assets.npmtest_sparkpost.rollup.js'] ||","            local.fs.readFileSync(","                local.npmtest_sparkpost.__dirname + '/lib.npmtest_sparkpost.js',","                'utf8'","            ).replace((/^#!/), '//');","        /* jslint-ignore-end */","        local.assetsDict['/favicon.ico'] = local.assetsDict['/favicon.ico'] || '';","        // if $npm_config_timeout_exit exists,","        // then exit this process after $npm_config_timeout_exit ms","        if (Number(process.env.npm_config_timeout_exit)) {","            setTimeout(process.exit, Number(process.env.npm_config_timeout_exit));","        }","        // start server","        if (local.global.utility2_serverHttp1) {","            break;","        }","        process.env.PORT = process.env.PORT || '8081';","        console.error('server starting on port ' + process.env.PORT);","        local.http.createServer(function (request, response) {","            request.urlParsed = local.url.parse(request.url);","            if (local.assetsDict[request.urlParsed.pathname] !== undefined) {","                response.end(local.assetsDict[request.urlParsed.pathname]);","                return;","            }","            response.statusCode = 404;","            response.end();","        }).listen(process.env.PORT);","        break;","    }","}());",""],"l":{"26":2,"28":2,"33":2,"35":2,"37":2,"38":2,"39":2,"44":1,"51":2,"55":2,"59":2,"61":2,"69":1,"70":2,"76":2,"79":2,"82":2,"83":2,"85":1,"89":2,"92":1,"93":1,"94":1,"96":1,"97":1,"100":1,"101":1,"103":1,"106":1,"108":2,"114":1,"116":1,"118":1,"123":1,"124":2,"125":2,"126":3,"127":3,"128":3,"129":3,"130":1,"133":3,"134":3,"139":3,"143":1,"144":3,"145":1,"149":1,"150":1,"158":1,"160":1,"161":1,"162":1,"164":1,"166":1,"258":1,"259":1,"271":1,"274":6,"275":6,"277":1,"279":2,"281":1,"283":2,"288":1,"289":1,"291":1,"296":1,"303":1,"306":1,"307":1,"310":1,"311":1,"313":1,"314":1,"315":1,"316":1,"317":1,"318":1,"319":1,"321":1,"322":1,"324":1}},"/home/travis/build/npmtest/node-npmtest-sparkpost/node_modules/sparkpost/lib/sparkpost.js":{"path":"/home/travis/build/npmtest/node-npmtest-sparkpost/node_modules/sparkpost/lib/sparkpost.js","s":{"1":1,"2":1,"3":1,"4":1,"5":1,"6":1,"7":1,"8":0,"9":0,"10":0,"11":1,"12":0,"13":0,"14":0,"15":0,"16":0,"17":0,"18":0,"19":1,"20":0,"21":0,"22":0,"23":0,"24":0,"25":0,"26":1,"27":0,"28":0,"29":0,"30":0,"31":1,"32":0,"33":0,"34":0,"35":0,"36":0,"37":0,"38":0,"39":0,"40":0,"41":0,"42":0,"43":0,"44":0,"45":0,"46":0,"47":0,"48":0,"49":0,"50":0,"51":1,"52":0,"53":0,"54":0,"55":0,"56":0,"57":0,"58":0,"59":0,"60":0,"61":0,"62":0,"63":0,"64":0,"65":0,"66":0,"67":0,"68":0,"69":0,"70":0,"71":0,"72":0,"73":0,"74":0,"75":1,"76":0,"77":0,"78":0,"79":1,"80":0,"81":0,"82":1,"83":0,"84":0,"85":1,"86":0,"87":0,"88":1,"89":0,"90":1},"b":{"1":[0,0],"2":[0,0],"3":[0,0],"4":[0,0,0],"5":[0,0],"6":[0,0],"7":[0,0],"8":[0,0],"9":[0,0],"10":[0,0],"11":[0,0],"12":[0,0],"13":[0,0],"14":[0,0],"15":[0,0],"16":[0,0]},"f":{"1":0,"2":0,"3":0,"4":0,"5":0,"6":0,"7":0,"8":0,"9":0,"10":0,"11":0,"12":0,"13":0},"fnMap":{"1":{"name":"(anonymous_1)","line":16,"loc":{"start":{"line":16,"column":19},"end":{"line":16,"column":41}}},"2":{"name":"(anonymous_2)","line":23,"loc":{"start":{"line":23,"column":22},"end":{"line":23,"column":48}}},"3":{"name":"(anonymous_3)","line":37,"loc":{"start":{"line":37,"column":29},"end":{"line":37,"column":49}}},"4":{"name":"(anonymous_4)","line":47,"loc":{"start":{"line":47,"column":25},"end":{"line":47,"column":52}}},"5":{"name":"(anonymous_5)","line":55,"loc":{"start":{"line":55,"column":18},"end":{"line":55,"column":44}}},"6":{"name":"(anonymous_6)","line":91,"loc":{"start":{"line":91,"column":30},"end":{"line":91,"column":58}}},"7":{"name":"(anonymous_7)","line":119,"loc":{"start":{"line":119,"column":34},"end":{"line":119,"column":60}}},"8":{"name":"(anonymous_8)","line":120,"loc":{"start":{"line":120,"column":21},"end":{"line":120,"column":46}}},"9":{"name":"(anonymous_9)","line":140,"loc":{"start":{"line":140,"column":26},"end":{"line":140,"column":54}}},"10":{"name":"(anonymous_10)","line":147,"loc":{"start":{"line":147,"column":27},"end":{"line":147,"column":55}}},"11":{"name":"(anonymous_11)","line":153,"loc":{"start":{"line":153,"column":26},"end":{"line":153,"column":54}}},"12":{"name":"(anonymous_12)","line":159,"loc":{"start":{"line":159,"column":29},"end":{"line":159,"column":57}}},"13":{"name":"(anonymous_13)","line":165,"loc":{"start":{"line":165,"column":29},"end":{"line":165,"column":55}}}},"statementMap":{"1":{"start":{"line":3,"column":0},"end":{"line":3,"column":51}},"2":{"start":{"line":4,"column":0},"end":{"line":4,"column":27}},"3":{"start":{"line":5,"column":0},"end":{"line":5,"column":47}},"4":{"start":{"line":6,"column":0},"end":{"line":6,"column":35}},"5":{"start":{"line":7,"column":0},"end":{"line":7,"column":28}},"6":{"start":{"line":10,"column":0},"end":{"line":14,"column":2}},"7":{"start":{"line":16,"column":0},"end":{"line":21,"column":2}},"8":{"start":{"line":17,"column":2},"end":{"line":19,"column":3}},"9":{"start":{"line":18,"column":4},"end":{"line":18,"column":35}},"10":{"start":{"line":20,"column":2},"end":{"line":20,"column":13}},"11":{"start":{"line":23,"column":0},"end":{"line":35,"column":2}},"12":{"start":{"line":24,"column":2},"end":{"line":30,"column":3}},"13":{"start":{"line":25,"column":4},"end":{"line":25,"column":21}},"14":{"start":{"line":26,"column":4},"end":{"line":26,"column":48}},"15":{"start":{"line":28,"column":4},"end":{"line":28,"column":28}},"16":{"start":{"line":29,"column":4},"end":{"line":29,"column":25}},"17":{"start":{"line":32,"column":2},"end":{"line":32,"column":73}},"18":{"start":{"line":34,"column":2},"end":{"line":34,"column":17}},"19":{"start":{"line":37,"column":0},"end":{"line":45,"column":2}},"20":{"start":{"line":38,"column":2},"end":{"line":38,"column":43}},"21":{"start":{"line":39,"column":2},"end":{"line":39,"column":20}},"22":{"start":{"line":40,"column":2},"end":{"line":40,"column":30}},"23":{"start":{"line":41,"column":2},"end":{"line":41,"column":27}},"24":{"start":{"line":42,"column":2},"end":{"line":42,"column":34}},"25":{"start":{"line":44,"column":2},"end":{"line":44,"column":13}},"26":{"start":{"line":47,"column":0},"end":{"line":53,"column":2}},"27":{"start":{"line":48,"column":2},"end":{"line":48,"column":74}},"28":{"start":{"line":49,"column":2},"end":{"line":51,"column":3}},"29":{"start":{"line":50,"column":4},"end":{"line":50,"column":59}},"30":{"start":{"line":52,"column":2},"end":{"line":52,"column":20}},"31":{"start":{"line":55,"column":0},"end":{"line":89,"column":2}},"32":{"start":{"line":57,"column":2},"end":{"line":57,"column":43}},"33":{"start":{"line":59,"column":2},"end":{"line":59,"column":61}},"34":{"start":{"line":61,"column":2},"end":{"line":63,"column":3}},"35":{"start":{"line":62,"column":4},"end":{"line":62,"column":51}},"36":{"start":{"line":66,"column":2},"end":{"line":66,"column":25}},"37":{"start":{"line":69,"column":2},"end":{"line":72,"column":22}},"38":{"start":{"line":75,"column":2},"end":{"line":75,"column":31}},"39":{"start":{"line":76,"column":2},"end":{"line":76,"column":62}},"40":{"start":{"line":77,"column":2},"end":{"line":77,"column":85}},"41":{"start":{"line":79,"column":2},"end":{"line":79,"column":58}},"42":{"start":{"line":80,"column":2},"end":{"line":80,"column":56}},"43":{"start":{"line":81,"column":2},"end":{"line":81,"column":58}},"44":{"start":{"line":82,"column":2},"end":{"line":82,"column":56}},"45":{"start":{"line":83,"column":2},"end":{"line":83,"column":58}},"46":{"start":{"line":84,"column":2},"end":{"line":84,"column":52}},"47":{"start":{"line":85,"column":2},"end":{"line":85,"column":60}},"48":{"start":{"line":86,"column":2},"end":{"line":86,"column":48}},"49":{"start":{"line":87,"column":2},"end":{"line":87,"column":56}},"50":{"start":{"line":88,"column":2},"end":{"line":88,"column":46}},"51":{"start":{"line":91,"column":0},"end":{"line":138,"column":2}},"52":{"start":{"line":92,"column":2},"end":{"line":92,"column":59}},"53":{"start":{"line":95,"column":2},"end":{"line":97,"column":3}},"54":{"start":{"line":96,"column":4},"end":{"line":96,"column":56}},"55":{"start":{"line":100,"column":2},"end":{"line":100,"column":49}},"56":{"start":{"line":103,"column":2},"end":{"line":103,"column":70}},"57":{"start":{"line":106,"column":2},"end":{"line":106,"column":46}},"58":{"start":{"line":109,"column":2},"end":{"line":109,"column":27}},"59":{"start":{"line":112,"column":2},"end":{"line":114,"column":3}},"60":{"start":{"line":113,"column":4},"end":{"line":113,"column":24}},"61":{"start":{"line":117,"column":2},"end":{"line":117,"column":84}},"62":{"start":{"line":119,"column":2},"end":{"line":137,"column":16}},"63":{"start":{"line":120,"column":4},"end":{"line":136,"column":7}},"64":{"start":{"line":121,"column":6},"end":{"line":121,"column":47}},"65":{"start":{"line":122,"column":6},"end":{"line":122,"column":19}},"66":{"start":{"line":124,"column":6},"end":{"line":135,"column":7}},"67":{"start":{"line":125,"column":8},"end":{"line":125,"column":20}},"68":{"start":{"line":126,"column":13},"end":{"line":135,"column":7}},"69":{"start":{"line":127,"column":8},"end":{"line":127,"column":46}},"70":{"start":{"line":128,"column":8},"end":{"line":128,"column":20}},"71":{"start":{"line":130,"column":8},"end":{"line":130,"column":24}},"72":{"start":{"line":131,"column":8},"end":{"line":133,"column":9}},"73":{"start":{"line":132,"column":10},"end":{"line":132,"column":31}},"74":{"start":{"line":134,"column":8},"end":{"line":134,"column":26}},"75":{"start":{"line":140,"column":0},"end":{"line":145,"column":2}},"76":{"start":{"line":141,"column":2},"end":{"line":141,"column":25}},"77":{"start":{"line":142,"column":2},"end":{"line":142,"column":22}},"78":{"start":{"line":144,"column":2},"end":{"line":144,"column":41}},"79":{"start":{"line":147,"column":0},"end":{"line":151,"column":2}},"80":{"start":{"line":148,"column":2},"end":{"line":148,"column":26}},"81":{"start":{"line":150,"column":2},"end":{"line":150,"column":41}},"82":{"start":{"line":153,"column":0},"end":{"line":157,"column":2}},"83":{"start":{"line":154,"column":2},"end":{"line":154,"column":25}},"84":{"start":{"line":156,"column":2},"end":{"line":156,"column":41}},"85":{"start":{"line":159,"column":0},"end":{"line":163,"column":2}},"86":{"start":{"line":160,"column":2},"end":{"line":160,"column":28}},"87":{"start":{"line":162,"column":2},"end":{"line":162,"column":41}},"88":{"start":{"line":165,"column":0},"end":{"line":167,"column":2}},"89":{"start":{"line":166,"column":2},"end":{"line":166,"column":55}},"90":{"start":{"line":169,"column":0},"end":{"line":169,"column":27}}},"branchMap":{"1":{"line":17,"type":"if","locations":[{"start":{"line":17,"column":2},"end":{"line":17,"column":2}},{"start":{"line":17,"column":2},"end":{"line":17,"column":2}}]},"2":{"line":24,"type":"if","locations":[{"start":{"line":24,"column":2},"end":{"line":24,"column":2}},{"start":{"line":24,"column":2},"end":{"line":24,"column":2}}]},"3":{"line":28,"type":"binary-expr","locations":[{"start":{"line":28,"column":14},"end":{"line":28,"column":21}},{"start":{"line":28,"column":25},"end":{"line":28,"column":27}}]},"4":{"line":32,"type":"binary-expr","locations":[{"start":{"line":32,"column":19},"end":{"line":32,"column":33}},{"start":{"line":32,"column":37},"end":{"line":32,"column":53}},{"start":{"line":32,"column":57},"end":{"line":32,"column":72}}]},"5":{"line":39,"type":"binary-expr","locations":[{"start":{"line":39,"column":9},"end":{"line":39,"column":13}},{"start":{"line":39,"column":17},"end":{"line":39,"column":19}}]},"6":{"line":49,"type":"if","locations":[{"start":{"line":49,"column":2},"end":{"line":49,"column":2}},{"start":{"line":49,"column":2},"end":{"line":49,"column":2}}]},"7":{"line":59,"type":"binary-expr","locations":[{"start":{"line":59,"column":16},"end":{"line":59,"column":27}},{"start":{"line":59,"column":31},"end":{"line":59,"column":60}}]},"8":{"line":61,"type":"if","locations":[{"start":{"line":61,"column":2},"end":{"line":61,"column":2}},{"start":{"line":61,"column":2},"end":{"line":61,"column":2}}]},"9":{"line":76,"type":"binary-expr","locations":[{"start":{"line":76,"column":20},"end":{"line":76,"column":38}},{"start":{"line":76,"column":42},"end":{"line":76,"column":61}}]},"10":{"line":77,"type":"cond-expr","locations":[{"start":{"line":77,"column":54},"end":{"line":77,"column":67}},{"start":{"line":77,"column":70},"end":{"line":77,"column":84}}]},"11":{"line":95,"type":"if","locations":[{"start":{"line":95,"column":2},"end":{"line":95,"column":2}},{"start":{"line":95,"column":2},"end":{"line":95,"column":2}}]},"12":{"line":112,"type":"if","locations":[{"start":{"line":112,"column":2},"end":{"line":112,"column":2}},{"start":{"line":112,"column":2},"end":{"line":112,"column":2}}]},"13":{"line":117,"type":"cond-expr","locations":[{"start":{"line":117,"column":57},"end":{"line":117,"column":70}},{"start":{"line":117,"column":73},"end":{"line":117,"column":83}}]},"14":{"line":124,"type":"if","locations":[{"start":{"line":124,"column":6},"end":{"line":124,"column":6}},{"start":{"line":124,"column":6},"end":{"line":124,"column":6}}]},"15":{"line":126,"type":"if","locations":[{"start":{"line":126,"column":13},"end":{"line":126,"column":13}},{"start":{"line":126,"column":13},"end":{"line":126,"column":13}}]},"16":{"line":131,"type":"if","locations":[{"start":{"line":131,"column":8},"end":{"line":131,"column":8}},{"start":{"line":131,"column":8},"end":{"line":131,"column":8}}]}},"code":["'use strict';","","const version = require('../package.json').version;","const url = require('url');","const withCallback = require('./withCallback');","const request = require('request');","const _ = require('lodash');","","//REST API Config Defaults","const defaults = {","  origin: 'https://api.sparkpost.com:443',","  apiVersion: 'v1',","  debug: false","};","","const resolveUri = function(origin, uri) {","  if (!/^http/.test(uri)) {","    uri = url.resolve(origin, uri);","  }","  return uri;","};","","const handleOptions = function(apiKey, options) {","  if (typeof apiKey === 'object') {","    options = apiKey;","    options.key = process.env.SPARKPOST_API_KEY;","  } else {","    options = options || {};","    options.key = apiKey;","  }","","  options.origin = options.origin || options.endpoint || defaults.origin;","","  return options;","};","","const createSparkPostError = function(res, body) {","  const err = new Error(res.statusMessage);","  body = body || {};","  err.name = 'SparkPostError';","  err.errors = body.errors;","  err.statusCode = res.statusCode;","","  return err;","};","","const createVersionStr = function(version, options) {","  let versionStr = `node-sparkpost/${version} node.js/${process.version}`;","  if (options.stackIdentity) {","    versionStr += `${options.stackIdentity} ${versionStr}`;","  }","  return versionStr;","};","","const SparkPost = function(apiKey, options) {","","  options = handleOptions(apiKey, options);","","  this.apiKey = options.key || process.env.SPARKPOST_API_KEY;","","  if (typeof this.apiKey === 'undefined') {","    throw new Error('Client requires an API Key.');","  }","","  // adding version to object","  this.version = version;","","  // setting up default headers","  this.defaultHeaders = _.merge({","    'User-Agent': createVersionStr(version, options)","    , 'Content-Type': 'application/json'","  }, options.headers);","","  //Optional client config","  this.origin = options.origin;","  this.apiVersion = options.apiVersion || defaults.apiVersion;","  this.debug = (typeof options.debug === 'boolean') ? options.debug : defaults.debug;","","  this.inboundDomains = require('./inboundDomains')(this);","  this.messageEvents = require('./messageEvents')(this);","  this.recipientLists = require('./recipientLists')(this);","  this.relayWebhooks = require('./relayWebhooks')(this);","  this.sendingDomains = require('./sendingDomains')(this);","  this.subaccounts = require('./subaccounts')(this);","  this.suppressionList = require('./suppressionList')(this);","  this.templates = require('./templates')(this);","  this.transmissions = require('./transmissions')(this);","  this.webhooks = require('./webhooks')(this);","};","","SparkPost.prototype.request = function(options, callback) {","  const baseUrl = `${this.origin}/api/${this.apiVersion}/`;","","  // we need options","  if (!_.isPlainObject(options)) {","    throw new TypeError('options argument is required');","  }","","  // if we don't have a fully qualified URL let's make one","  options.uri = resolveUri(baseUrl, options.uri);","","  // merge headers","  options.headers = _.merge({}, this.defaultHeaders, options.headers);","","  // add Authorization with API Key","  options.headers.Authorization = this.apiKey;","","  // set Strict SSL (Always true)","  options.strictSSL = true;","","  // default to accepting gzipped responses","  if (typeof options.gzip === 'undefined') {","    options.gzip = true;","  }","","  // set debug","  options.debug = (typeof options.debug === 'boolean') ? options.debug : this.debug;","","  return withCallback(new Promise(function(resolve, reject) {","    request(options, function(err, res, body) {","      const invalidCodeRegex = /(5|4)[0-9]{2}/;","      let response;","","      if (err) {","        reject(err);","      } else if (invalidCodeRegex.test(res.statusCode)) {","        err = createSparkPostError(res, body);","        reject(err);","      } else {","        response = body;","        if (options.debug) {","          response.debug = res;","        }","        resolve(response);","      }","    });","  }), callback);","};","","SparkPost.prototype.get = function(options, callback) {","  options.method = 'GET';","  options.json = true;","","  return this.request(options, callback);","};","","SparkPost.prototype.post = function(options, callback) {","  options.method = 'POST';","","  return this.request(options, callback);","};","","SparkPost.prototype.put = function(options, callback) {","  options.method = 'PUT';","","  return this.request(options, callback);","};","","SparkPost.prototype.delete = function(options, callback) {","  options.method = 'DELETE';","","  return this.request(options, callback);","};","","SparkPost.prototype.reject = function(error, callback) {","  return withCallback(Promise.reject(error), callback);","};","","module.exports = SparkPost;","","/**"," * Standard error-first callback for HTTP requests",""," * @callback RequestCb"," * @param {Error} err - Any error that occurred"," * @param {Object} [data] - API response body (or just the value of `body.results`, if it exists)"," */",""],"l":{"3":1,"4":1,"5":1,"6":1,"7":1,"10":1,"16":1,"17":0,"18":0,"20":0,"23":1,"24":0,"25":0,"26":0,"28":0,"29":0,"32":0,"34":0,"37":1,"38":0,"39":0,"40":0,"41":0,"42":0,"44":0,"47":1,"48":0,"49":0,"50":0,"52":0,"55":1,"57":0,"59":0,"61":0,"62":0,"66":0,"69":0,"75":0,"76":0,"77":0,"79":0,"80":0,"81":0,"82":0,"83":0,"84":0,"85":0,"86":0,"87":0,"88":0,"91":1,"92":0,"95":0,"96":0,"100":0,"103":0,"106":0,"109":0,"112":0,"113":0,"117":0,"119":0,"120":0,"121":0,"122":0,"124":0,"125":0,"126":0,"127":0,"128":0,"130":0,"131":0,"132":0,"134":0,"140":1,"141":0,"142":0,"144":0,"147":1,"148":0,"150":0,"153":1,"154":0,"156":0,"159":1,"160":0,"162":0,"165":1,"166":0,"169":1}},"/home/travis/build/npmtest/node-npmtest-sparkpost/node_modules/sparkpost/lib/withCallback.js":{"path":"/home/travis/build/npmtest/node-npmtest-sparkpost/node_modules/sparkpost/lib/withCallback.js","s":{"1":1,"2":0,"3":0,"4":0,"5":0,"6":0,"7":0,"8":1,"9":1},"b":{"1":[0,0]},"f":{"1":0,"2":0},"fnMap":{"1":{"name":"withCallback","line":17,"loc":{"start":{"line":17,"column":0},"end":{"line":17,"column":35}}},"2":{"name":"noop","line":31,"loc":{"start":{"line":31,"column":0},"end":{"line":31,"column":16}}}},"statementMap":{"1":{"start":{"line":17,"column":0},"end":{"line":29,"column":1}},"2":{"start":{"line":18,"column":2},"end":{"line":20,"column":3}},"3":{"start":{"line":19,"column":4},"end":{"line":19,"column":14}},"4":{"start":{"line":22,"column":2},"end":{"line":26,"column":5}},"5":{"start":{"line":23,"column":4},"end":{"line":23,"column":21}},"6":{"start":{"line":25,"column":4},"end":{"line":25,"column":12}},"7":{"start":{"line":28,"column":2},"end":{"line":28,"column":17}},"8":{"start":{"line":31,"column":0},"end":{"line":31,"column":18}},"9":{"start":{"line":33,"column":0},"end":{"line":33,"column":30}}},"branchMap":{"1":{"line":18,"type":"if","locations":[{"start":{"line":18,"column":2},"end":{"line":18,"column":2}},{"start":{"line":18,"column":2},"end":{"line":18,"column":2}}]}},"code":["'use strict';","","/**"," * withCallback handles an optional nodeback"," * and return the promise object"," *"," * @param promise {Promise}"," * @param cb {Function}"," * @return Promise"," *"," * @example"," * function eitherOr(options, callback) {"," *   return withCallback(promiseThingy(options), callback);"," * }"," */","","function withCallback(promise, cb) {","  if (typeof cb !== 'function') {","    cb = noop;","  }","","  promise.then((result) => {","    cb(null, result);","  }).catch((err) => {","    cb(err);","  });","","  return promise;","}","","function noop() {}","","module.exports = withCallback;",""],"l":{"17":1,"18":0,"19":0,"22":0,"23":0,"25":0,"28":0,"31":1,"33":1}},"/home/travis/build/npmtest/node-npmtest-sparkpost/node_modules/sparkpost/lib/inboundDomains.js":{"path":"/home/travis/build/npmtest/node-npmtest-sparkpost/node_modules/sparkpost/lib/inboundDomains.js","s":{"1":1,"2":1,"3":0,"4":0,"5":0,"6":0,"7":0,"8":0,"9":0,"10":0,"11":0,"12":0,"13":0,"14":0,"15":0,"16":0,"17":0},"b":{"1":[0,0],"2":[0,0],"3":[0,0],"4":[0,0],"5":[0,0],"6":[0,0]},"f":{"1":0,"2":0,"3":0,"4":0,"5":0},"fnMap":{"1":{"name":"(anonymous_1)","line":5,"loc":{"start":{"line":5,"column":17},"end":{"line":5,"column":34}}},"2":{"name":"(anonymous_2)","line":13,"loc":{"start":{"line":13,"column":10},"end":{"line":13,"column":29}}},"3":{"name":"(anonymous_3)","line":26,"loc":{"start":{"line":26,"column":9},"end":{"line":26,"column":36}}},"4":{"name":"(anonymous_4)","line":43,"loc":{"start":{"line":43,"column":12},"end":{"line":43,"column":43}}},"5":{"name":"(anonymous_5)","line":61,"loc":{"start":{"line":61,"column":12},"end":{"line":61,"column":39}}}},"statementMap":{"1":{"start":{"line":3,"column":0},"end":{"line":3,"column":30}},"2":{"start":{"line":5,"column":0},"end":{"line":72,"column":2}},"3":{"start":{"line":6,"column":2},"end":{"line":71,"column":4}},"4":{"start":{"line":14,"column":6},"end":{"line":16,"column":8}},"5":{"start":{"line":17,"column":6},"end":{"line":17,"column":43}},"6":{"start":{"line":27,"column":6},"end":{"line":29,"column":7}},"7":{"start":{"line":28,"column":8},"end":{"line":28,"column":72}},"8":{"start":{"line":31,"column":6},"end":{"line":33,"column":8}},"9":{"start":{"line":34,"column":6},"end":{"line":34,"column":43}},"10":{"start":{"line":44,"column":6},"end":{"line":46,"column":7}},"11":{"start":{"line":45,"column":8},"end":{"line":45,"column":81}},"12":{"start":{"line":48,"column":6},"end":{"line":51,"column":8}},"13":{"start":{"line":52,"column":6},"end":{"line":52,"column":44}},"14":{"start":{"line":62,"column":6},"end":{"line":64,"column":7}},"15":{"start":{"line":63,"column":8},"end":{"line":63,"column":72}},"16":{"start":{"line":66,"column":6},"end":{"line":68,"column":8}},"17":{"start":{"line":69,"column":6},"end":{"line":69,"column":46}}},"branchMap":{"1":{"line":27,"type":"if","locations":[{"start":{"line":27,"column":6},"end":{"line":27,"column":6}},{"start":{"line":27,"column":6},"end":{"line":27,"column":6}}]},"2":{"line":27,"type":"binary-expr","locations":[{"start":{"line":27,"column":10},"end":{"line":27,"column":17}},{"start":{"line":27,"column":21},"end":{"line":27,"column":47}}]},"3":{"line":44,"type":"if","locations":[{"start":{"line":44,"column":6},"end":{"line":44,"column":6}},{"start":{"line":44,"column":6},"end":{"line":44,"column":6}}]},"4":{"line":44,"type":"binary-expr","locations":[{"start":{"line":44,"column":10},"end":{"line":44,"column":21}},{"start":{"line":44,"column":25},"end":{"line":44,"column":55}}]},"5":{"line":62,"type":"if","locations":[{"start":{"line":62,"column":6},"end":{"line":62,"column":6}},{"start":{"line":62,"column":6},"end":{"line":62,"column":6}}]},"6":{"line":62,"type":"binary-expr","locations":[{"start":{"line":62,"column":10},"end":{"line":62,"column":17}},{"start":{"line":62,"column":21},"end":{"line":62,"column":47}}]}},"code":["'use strict';","","const api = 'inbound-domains';","","module.exports = function(client) {","  return {","    /**","     * List an overview of all inbound domains in the account.","     *","     * @param {RequestCb} [callback]","     * @returns {Promise}","     */","    list: function(callback) {","      const options = {","        uri: api","      };","      return client.get(options, callback);","    },","    /**","     * Get an inbound domain by its domain name","     *","     * @param {string} domain","     * @param {RequestCb} [callback]","     * @returns {Promise}","     */","    get: function(domain, callback) {","      if (!domain || typeof domain !== 'string') {","        return client.reject(new Error('domain is required'), callback);","      }","","      const options = {","        uri: `${api}/${domain}`","      };","      return client.get(options, callback);","    },","    /**","     * Create a new inbound domain","     *","     * @param {Object} createOpts","     * @param {RequestCb} [callback]","     * @returns {Promise}","     */","    create: function(createOpts, callback) {","      if (!createOpts || typeof createOpts !== 'object') {","        return client.reject(new Error('create options are required'), callback);","      }","","      const options = {","        uri: api","        , json: createOpts","      };","      return client.post(options, callback);","    },","    /**","     * Delete an existing inbound domain","     *","     * @param {string} domain","     * @param {RequestCb} [callback]","     * @returns {Promise}","     */","    delete: function(domain, callback) {","      if (!domain || typeof domain !== 'string') {","        return client.reject(new Error('domain is required'), callback);","      }","","      const options = {","        uri: `${api}/${domain}`","      };","      return client.delete(options, callback);","    }","  };","};",""],"l":{"3":1,"5":1,"6":0,"14":0,"17":0,"27":0,"28":0,"31":0,"34":0,"44":0,"45":0,"48":0,"52":0,"62":0,"63":0,"66":0,"69":0}},"/home/travis/build/npmtest/node-npmtest-sparkpost/node_modules/sparkpost/lib/messageEvents.js":{"path":"/home/travis/build/npmtest/node-npmtest-sparkpost/node_modules/sparkpost/lib/messageEvents.js","s":{"1":1,"2":1,"3":0,"4":0,"5":0,"6":0,"7":0,"8":0,"9":0},"b":{"1":[0,0]},"f":{"1":0,"2":0,"3":0},"fnMap":{"1":{"name":"(anonymous_1)","line":9,"loc":{"start":{"line":9,"column":17},"end":{"line":9,"column":34}}},"2":{"name":"(anonymous_2)","line":18,"loc":{"start":{"line":18,"column":12},"end":{"line":18,"column":43}}},"3":{"name":"(anonymous_3)","line":24,"loc":{"start":{"line":24,"column":38},"end":{"line":24,"column":58}}}},"statementMap":{"1":{"start":{"line":3,"column":0},"end":{"line":3,"column":29}},"2":{"start":{"line":9,"column":0},"end":{"line":34,"column":2}},"3":{"start":{"line":10,"column":2},"end":{"line":33,"column":4}},"4":{"start":{"line":19,"column":6},"end":{"line":22,"column":8}},"5":{"start":{"line":24,"column":6},"end":{"line":30,"column":9}},"6":{"start":{"line":25,"column":8},"end":{"line":29,"column":9}},"7":{"start":{"line":26,"column":10},"end":{"line":26,"column":66}},"8":{"start":{"line":28,"column":10},"end":{"line":28,"column":56}},"9":{"start":{"line":31,"column":6},"end":{"line":31,"column":43}}},"branchMap":{"1":{"line":25,"type":"if","locations":[{"start":{"line":25,"column":8},"end":{"line":25,"column":8}},{"start":{"line":25,"column":8},"end":{"line":25,"column":8}}]}},"code":["'use strict';","","const api = 'message-events';","","/*"," * \"Class\" declaration, Message Events API exposes one function:"," * - search: retrieves list of message events according to given params"," */","module.exports = function(client) {","  return {","    /**","     * Search for message events using given parameters","     *","     * @param {Object} parameters","     * @param {RequestCb} [callback]","     * @returns {Promise}","     */","    search: function(parameters, callback) {","      const options = {","        uri: api","        , qs: {}","      };","","      Object.keys(parameters).forEach(function(paramname) {","        if (Array.isArray(parameters[paramname])) {","          options.qs[paramname] = parameters[paramname].join(',');","        } else {","          options.qs[paramname] = parameters[paramname];","        }","      });","      return client.get(options, callback);","    }","  };","};",""],"l":{"3":1,"9":1,"10":0,"19":0,"24":0,"25":0,"26":0,"28":0,"31":0}},"/home/travis/build/npmtest/node-npmtest-sparkpost/node_modules/sparkpost/lib/recipientLists.js":{"path":"/home/travis/build/npmtest/node-npmtest-sparkpost/node_modules/sparkpost/lib/recipientLists.js","s":{"1":1,"2":1,"3":0,"4":0,"5":0,"6":0,"7":0,"8":0,"9":0,"10":0,"11":0,"12":0,"13":0,"14":0,"15":0,"16":0,"17":0,"18":0,"19":0,"20":0,"21":0,"22":0,"23":0,"24":0,"25":0,"26":0,"27":0},"b":{"1":[0,0],"2":[0,0],"3":[0,0],"4":[0,0],"5":[0,0,0],"6":[0,0],"7":[0,0],"8":[0,0],"9":[0,0],"10":[0,0]},"f":{"1":0,"2":0,"3":0,"4":0,"5":0,"6":0},"fnMap":{"1":{"name":"(anonymous_1)","line":5,"loc":{"start":{"line":5,"column":17},"end":{"line":5,"column":34}}},"2":{"name":"(anonymous_2)","line":14,"loc":{"start":{"line":14,"column":10},"end":{"line":14,"column":29}}},"3":{"name":"(anonymous_3)","line":30,"loc":{"start":{"line":30,"column":9},"end":{"line":30,"column":41}}},"4":{"name":"(anonymous_4)","line":61,"loc":{"start":{"line":61,"column":12},"end":{"line":61,"column":46}}},"5":{"name":"(anonymous_5)","line":88,"loc":{"start":{"line":88,"column":12},"end":{"line":88,"column":50}}},"6":{"name":"(anonymous_6)","line":117,"loc":{"start":{"line":117,"column":12},"end":{"line":117,"column":35}}}},"statementMap":{"1":{"start":{"line":3,"column":0},"end":{"line":3,"column":30}},"2":{"start":{"line":5,"column":0},"end":{"line":130,"column":2}},"3":{"start":{"line":6,"column":2},"end":{"line":128,"column":4}},"4":{"start":{"line":15,"column":6},"end":{"line":17,"column":8}},"5":{"start":{"line":18,"column":6},"end":{"line":18,"column":43}},"6":{"start":{"line":31,"column":6},"end":{"line":31,"column":30}},"7":{"start":{"line":34,"column":6},"end":{"line":37,"column":7}},"8":{"start":{"line":35,"column":8},"end":{"line":35,"column":27}},"9":{"start":{"line":36,"column":8},"end":{"line":36,"column":21}},"10":{"start":{"line":39,"column":6},"end":{"line":41,"column":7}},"11":{"start":{"line":40,"column":8},"end":{"line":40,"column":68}},"12":{"start":{"line":43,"column":6},"end":{"line":46,"column":8}},"13":{"start":{"line":48,"column":6},"end":{"line":48,"column":43}},"14":{"start":{"line":62,"column":6},"end":{"line":64,"column":7}},"15":{"start":{"line":63,"column":8},"end":{"line":63,"column":80}},"16":{"start":{"line":66,"column":6},"end":{"line":72,"column":8}},"17":{"start":{"line":74,"column":6},"end":{"line":74,"column":44}},"18":{"start":{"line":89,"column":6},"end":{"line":91,"column":7}},"19":{"start":{"line":90,"column":8},"end":{"line":90,"column":83}},"20":{"start":{"line":93,"column":6},"end":{"line":95,"column":7}},"21":{"start":{"line":94,"column":8},"end":{"line":94,"column":80}},"22":{"start":{"line":97,"column":6},"end":{"line":103,"column":8}},"23":{"start":{"line":105,"column":6},"end":{"line":105,"column":43}},"24":{"start":{"line":118,"column":6},"end":{"line":120,"column":7}},"25":{"start":{"line":119,"column":8},"end":{"line":119,"column":68}},"26":{"start":{"line":122,"
[...]
ission.cc) && transmission.cc.length > 0) {","    _.set(transmission, 'content.headers.CC', generateCCHeader(transmission));","  }","","  const headerTo = generateHeaderTo(transmission.recipients);","","  transmission.recipients = addListToRecipients(transmission, 'cc', headerTo);","  transmission.recipients = addListToRecipients(transmission, 'bcc', headerTo);","","  delete transmission.cc;","  delete transmission.bcc;","","  return transmission;","}","","function addListToRecipients(transmission, listName, headerTo) {","  if (!_.isArray(transmission[listName])) {","    return transmission.recipients;","  }","","  return transmission.recipients.concat(_.map(transmission[listName], (recipient) => {","    recipient.address = addressToObject(recipient.address);","","    recipient.address.header_to = headerTo;","","    // remove name from address - name is only put in the header for cc and not at all for bcc","    if (_.has(recipient.address, 'name')) {","      delete recipient.address.name;","    }","","    return recipient;","  }));","}","","function generateCCHeader(transmission) {","  return _.map(transmission.cc, (ccRecipient) => addressToString(ccRecipient.address)).join(', ');","}","","function generateHeaderTo(recipients) {","  // if a recipient has a header_to then it is cc'd or bcc'd and we don't want it in the header_to value","  const originalRecipients = _.filter(recipients, (recipient) => !_.has(recipient.address, 'header_to'));","","  return _.map(originalRecipients, (recipient) => addressToString(recipient.address)).join(', ');","}","","function addressToString(address) {","  if (_.isPlainObject(address)) {","    if (_.has(address, 'name')) {","      address = `\"${address.name}\" <${address.email}>`;","    } else {","      address = address.email;","    }","  }","","  return address;","}","","function addressToObject(address) {","  let addressObject = address;","","  if (_.isString(address)) {","    addressObject = {};","","    const matches = /\"?(.[^\"]*)?\"?\\s*<(.+)>/gi.exec(address);","","    if (matches) {","      addressObject.name = matches[1];","      addressObject.email = matches[2];","    } else {","      addressObject.email = address;","    }","  }","","  return addressObject;","}",""],"l":{"3":1,"4":1,"11":1,"12":0,"22":0,"23":0,"24":0,"27":0,"32":0,"42":0,"43":0,"46":0,"50":0,"62":0,"63":0,"64":0,"67":0,"68":0,"71":0,"73":0,"79":0,"85":1,"86":0,"89":0,"90":0,"94":0,"95":0,"97":0,"101":0,"102":0,"105":0,"107":0,"108":0,"110":0,"111":0,"113":0,"116":1,"117":0,"118":0,"121":0,"122":0,"124":0,"127":0,"128":0,"131":0,"135":1,"136":0,"139":1,"141":0,"143":0,"146":1,"147":0,"148":0,"149":0,"151":0,"155":0,"158":1,"159":0,"161":0,"162":0,"164":0,"166":0,"167":0,"168":0,"170":0,"174":0}},"/home/travis/build/npmtest/node-npmtest-sparkpost/node_modules/sparkpost/lib/webhooks.js":{"path":"/home/travis/build/npmtest/node-npmtest-sparkpost/node_modules/sparkpost/lib/webhooks.js","s":{"1":1,"2":1,"3":0,"4":0,"5":0,"6":0,"7":0,"8":0,"9":0,"10":0,"11":0,"12":0,"13":0,"14":0,"15":0,"16":0,"17":0,"18":0,"19":0,"20":0,"21":0,"22":0,"23":0,"24":0,"25":0,"26":0,"27":0,"28":0,"29":0,"30":0,"31":0,"32":0,"33":0,"34":0,"35":0,"36":0,"37":0,"38":0,"39":0,"40":0,"41":0,"42":0,"43":0,"44":0,"45":0,"46":0,"47":0,"48":0,"49":0,"50":0,"51":0,"52":0,"53":0,"54":0,"55":0,"56":0,"57":0,"58":0},"b":{"1":[0,0],"2":[0,0],"3":[0,0],"4":[0,0],"5":[0,0],"6":[0,0],"7":[0,0],"8":[0,0],"9":[0,0],"10":[0,0],"11":[0,0],"12":[0,0],"13":[0,0],"14":[0,0],"15":[0,0],"16":[0,0],"17":[0,0,0],"18":[0,0],"19":[0,0],"20":[0,0],"21":[0,0],"22":[0,0],"23":[0,0],"24":[0,0]},"f":{"1":0,"2":0,"3":0,"4":0,"5":0,"6":0,"7":0,"8":0,"9":0,"10":0},"fnMap":{"1":{"name":"(anonymous_1)","line":5,"loc":{"start":{"line":5,"column":17},"end":{"line":5,"column":34}}},"2":{"name":"(anonymous_2)","line":16,"loc":{"start":{"line":16,"column":10},"end":{"line":16,"column":38}}},"3":{"name":"(anonymous_3)","line":43,"loc":{"start":{"line":43,"column":9},"end":{"line":43,"column":41}}},"4":{"name":"(anonymous_4)","line":72,"loc":{"start":{"line":72,"column":12},"end":{"line":72,"column":40}}},"5":{"name":"(anonymous_5)","line":93,"loc":{"start":{"line":93,"column":12},"end":{"line":93,"column":44}}},"6":{"name":"(anonymous_6)","line":119,"loc":{"start":{"line":119,"column":12},"end":{"line":119,"column":35}}},"7":{"name":"(anonymous_7)","line":140,"loc":{"start":{"line":140,"column":14},"end":{"line":140,"column":46}}},"8":{"name":"(anonymous_8)","line":168,"loc":{"start":{"line":168,"column":20},"end":{"line":168,"column":52}}},"9":{"name":"(anonymous_9)","line":196,"loc":{"start":{"line":196,"column":22},"end":{"line":196,"column":41}}},"10":{"name":"(anonymous_10)","line":211,"loc":{"start":{"line":211,"column":16},"end":{"line":211,"column":44}}}},"statementMap":{"1":{"start":{"line":3,"column":0},"end":{"line":3,"column":23}},"2":{"start":{"line":5,"column":0},"end":{"line":229,"column":2}},"3":{"start":{"line":6,"column":2},"end":{"line":228,"column":4}},"4":{"start":{"line":17,"column":6},"end":{"line":20,"column":8}},"5":{"start":{"line":22,"column":6},"end":{"line":25,"column":7}},"6":{"start":{"line":23,"column":8},"end":{"line":23,"column":27}},"7":{"start":{"line":24,"column":8},"end":{"line":24,"column":21}},"8":{"start":{"line":27,"column":6},"end":{"line":29,"column":7}},"9":{"start":{"line":28,"column":8},"end":{"line":28,"column":47}},"10":{"start":{"line":31,"column":6},"end":{"line":31,"column":43}},"11":{"start":{"line":44,"column":6},"end":{"line":47,"column":7}},"12":{"start":{"line":45,"column":8},"end":{"line":45,"column":27}},"13":{"start":{"line":46,"column":8},"end":{"line":46,"column":21}},"14":{"start":{"line":49,"column":6},"end":{"line":51,"column":7}},"15":{"start":{"line":50,"column":8},"end":{"line":50,"column":68}},"16":{"start":{"line":53,"column":6},"end":{"line":56,"column":8}},"17":{"start":{"line":58,"column":6},"end":{"line":60,"column":7}},"18":{"start":{"line":59,"column":8},"end":{"line":59,"column":47}},"19":{"start":{"line":62,"column":6},"end":{"line":62,"column":43}},"20":{"start":{"line":73,"column":6},"end":{"line":75,"column":7}},"21":{"start":{"line":74,"column":8},"end":{"line":74,"column":80}},"22":{"start":{"line":77,"column":6},"end":{"line":80,"column":8}},"23":{"start":{"line":82,"column":6},"end":{"line":82,"column":44}},"24":{"start":{"line":94,"column":6},"end":{"line":96,"column":7}},"25":{"start":{"line":95,"column":8},"end":{"line":95,"column":68}},"26":{"start":{"line":98,"column":6},"end":{"line":100,"column":7}},"27":{"start":{"line":99,"column":8},"end":{"line":99,"column":80}},"28":{"start":{"line":102,"column":6},"end":{"line":105,"column":8}},"29":{"start":{"line":107,"column":6},"end":{"line":107,"column":29}},"30":{"start":{"line":109,"column":6},"end":{"line":109,"column":43}},"31":{"start":{"line":120,"column":6},"end":{"line":122,"column":7}},"32":{"start":{"line":121,"column":8},"end":{"line":121,"column":68}},"33":{"start":{"line":124,"column":6},"end":{"line":126,"column":8}},"34":{"start":{"line":128,"column":6},"end":{"line":128,"column":46}},"35":{"start":{"line":141,"column":6},"end":{"line":143,"column":7}},"36":{"start":{"line":142,"column":8},"end":{"line":142,"column":68}},"37":{"start":{"line":145,"column":6},"end":{"line":147,"column":7}},"38":{"start":{"line":146,"column":8},"end":{"line":146,"column":73}},"39":{"start":{"line":149,"column":6},"end":{"line":154,"column":8}},"40":{"start":{"line":156,"column":6},"end":{"line":156,"column":44}},"41":{"start":{"line":169,"column":6},"end":{"line":172,"column":7}},"42":{"start":{"line":170,"column":8},"end":{"line":170,"column":27}},"43":{"start":{"line":171,"column":8},"end":{"line":171,"column":21}},"44":{"start":{"line":174,"column":6},"end":{"line":176,"column":7}},"45":{"start":{"line":175,"column":8},"end":{"line":175,"column":68}},"46":{"start":{"line":178,"column":6},"end":{"line":181,"column":8}},"47":{"start":{"line":183,"column":6},"end":{"line":185,"column":7}},"48":{"start":{"line":184,"column":8},"end":{"line":184,"column":41}},"49":{"start":{"line":187,"column":6},"end":{"line":187,"column":43}},"50":{"start":{"line":197,"column":6},"end":{"line":199,"column":8}},"51":{"start":{"line":200,"column":6},"end":{"line":200,"column":43}},"52":{"start":{"line":212,"column":6},"end":{"line":215,"column":8}},"53":{"start":{"line":217,"column":6},"end":{"line":220,"column":7}},"54":{"start":{"line":218,"column":8},"end":{"line":218,"column":27}},"55":{"start":{"line":219,"column":8},"end":{"line":219,"column":21}},"56":{"start":{"line":222,"column":6},"end":{"line":224,"column":7}},"57":{"start":{"line":223,"column":8},"end":{"line":223,"column":43}},"58":{"start":{"line":226,"column":6},"end":{"line":226,"column":43}}},"branchMap":{"1":{"line":22,"type":"if","locations":[{"start":{"line":22,"column":6},"end":{"line":22,"column":6}},{"start":{"line":22,"column":6},"end":{"line":22,"column":6}}]},"2":{"line":22,"type":"binary-expr","locations":[{"start":{"line":22,"column":10},"end":{"line":22,"column":18}},{"start":{"line":22,"column":22},"end":{"line":22,"column":51}}]},"3":{"line":27,"type":"if","locations":[{"start":{"line":27,"column":6},"end":{"line":27,"column":6}},{"start":{"line":27,"column":6},"end":{"line":27,"column":6}}]},"4":{"line":44,"type":"if","locations":[{"start":{"line":44,"column":6},"end":{"line":44,"column":6}},{"start":{"line":44,"column":6},"end":{"line":44,"column":6}}]},"5":{"line":44,"type":"binary-expr","locations":[{"start":{"line":44,"column":10},"end":{"line":44,"column":18}},{"start":{"line":44,"column":22},"end":{"line":44,"column":51}}]},"6":{"line":49,"type":"if","locations":[{"start":{"line":49,"column":6},"end":{"line":49,"column":6}},{"start":{"line":49,"column":6},"end":{"line":49,"column":6}}]},"7":{"line":58,"type":"if","locations":[{"start":{"line":58,"column":6},"end":{"line":58,"column":6}},{"start":{"line":58,"column":6},"end":{"line":58,"column":6}}]},"8":{"line":73,"type":"if","locations":[{"start":{"line":73,"column":6},"end":{"line":73,"column":6}},{"start":{"line":73,"column":6},"end":{"line":73,"column":6}}]},"9":{"line":73,"type":"binary-expr","locations":[{"start":{"line":73,"column":10},"end":{"line":73,"column":18}},{"start":{"line":73,"column":22},"end":{"line":73,"column":51}}]},"10":{"line":94,"type":"if","locations":[{"start":{"line":94,"column":6},"end":{"line":94,"column":6}},{"start":{"line":94,"column":6},"end":{"line":94,"column":6}}]},"11":{"line":98,"type":"if","locations":[{"start":{"line":98,"column":6},"end":{"line":98,"column":6}},{"start":{"line":98,"column":6},"end":{"line":98,"column":6}}]},"12":{"line":98,"type":"binary-expr","locations":[{"start":{"line":98,"column":10},"end":{"line":98,"column":18}},{"start":{"line":98,"column":22},"end":{"line":98,"column":51}}]},"13":{"line":120,"type":"if","locations":[{"start":{"line":120,"column":6},"end":{"line":120,"column":6}},{"start":{"line":120,"column":6},"end":{"line":120,"column":6}}]},"14":{"line":120,"type":"binary-expr","locations":[{"start":{"line":120,"column":10},"end":{"line":120,"column":13}},{"start":{"line":120,"column":17},"end":{"line":120,"column":41}}]},"15":{"line":141,"type":"if","locations":[{"start":{"line":141,"column":6},"end":{"line":141,"column":6}},{"start":{"line":141,"column":6},"end":{"line":141,"column":6}}]},"16":{"line":145,"type":"if","locations":[{"start":{"line":145,"column":6},"end":{"line":145,"column":6}},{"start":{"line":145,"column":6},"end":{"line":145,"column":6}}]},"17":{"line":145,"type":"binary-expr","locations":[{"start":{"line":145,"column":10},"end":{"line":145,"column":18}},{"start":{"line":145,"column":22},"end":{"line":145,"column":51}},{"start":{"line":145,"column":55},"end":{"line":145,"column":71}}]},"18":{"line":169,"type":"if","locations":[{"start":{"line":169,"column":6},"end":{"line":169,"column":6}},{"start":{"line":169,"column":6},"end":{"line":169,"column":6}}]},"19":{"line":169,"type":"binary-expr","locations":[{"start":{"line":169,"column":10},"end":{"line":169,"column":18}},{"start":{"line":169,"column":22},"end":{"line":169,"column":51}}]},"20":{"line":174,"type":"if","locations":[{"start":{"line":174,"column":6},"end":{"line":174,"column":6}},{"start":{"line":174,"column":6},"end":{"line":174,"column":6}}]},"21":{"line":183,"type":"if","locations":[{"start":{"line":183,"column":6},"end":{"line":183,"column":6}},{"start":{"line":183,"column":6},"end":{"line":183,"column":6}}]},"22":{"line":217,"type":"if","locations":[{"start":{"line":217,"column":6},"end":{"line":217,"column":6}},{"start":{"line":217,"column":6},"end":{"line":217,"column":6}}]},"23":{"line":217,"type":"binary-expr","locations":[{"start":{"line":217,"column":10},"end":{"line":217,"column":18}},{"start":{"line":217,"column":22},"end":{"line":217,"column":51}}]},"24":{"line":222,"type":"if","locations":[{"start":{"line":222,"column":6},"end":{"line":222,"column":6}},{"start":{"line":222,"column":6},"end":{"line":222,"column":6}}]}},"code":["'use strict';","","const api = 'webhooks';","","module.exports = function(client) {","  return {","","    /**","     * Lists all webhooks","     *","     * @param {Object} [options] - Hash of options","     * @param {string} [options.timezone] - The timezone to use for the last_successful and last_failure properties.","     * @param {RequestCb} [callback]","     * @returns {Promise}","     */","    list: function(options, callback) {","      const reqOpts = {","        uri: api,","        qs: {}","      };","","      if (!options || typeof options === 'function') {","        callback = options;","        options = {};","      }","","      if (options.timezone) {","        reqOpts.qs.timezone = options.timezone;","      }","","      return client.get(reqOpts, callback);","    },","","    /**","     * Get a single webhook by ID","     *","     * @param {string} id - The ID of the webhook to get","     * @param {Object} [options] - Hash of options","     * @param {string} [options.timezone] - The timezone to use for the last_successful and last_failure properties.","     * @param {RequestCb} [callback]","     * @returns {Promise}","     */","    get: function(id, options, callback) {","      if (!options || typeof options === 'function') {","        callback = options;","        options = {};","      }","","      if (typeof id !== 'string') {","        return client.reject(new Error('id is required'), callback);","      }","","      const reqOpts = {","        uri: `${api}/${id}`,","        qs: {}","      };","","      if (options.timezone) {","        reqOpts.qs.timezone = options.timezone;","      }","","      return client.get(reqOpts, callback);","    },","","    /**","     * Creates a new webhook","     *","     * @param {Object} webhook - attributes used to create the new webhook","     * @param {RequestCb} [callback]","     * @returns {Promise}","     */","    create: function(webhook, callback) {","      if (!webhook || typeof webhook === 'function') {","        return client.reject(new Error('webhook object is required'), callback);","      }","","      const options = {","        uri: api,","        json: webhook","      };","","      return client.post(options, callback);","    },","","    /**","     * Update an existing webhook","     *","     * @param {string} id - The ID of the webhook to update","     * @param {Object} webhook - Hash of the webhook attributes to update","     * @param {RequestCb} [callback]","     * @returns {Promise}","     */","    update: function(id, webhook, callback) {","      if (!id) {","        return client.reject(new Error('id is required'), callback);","      }","","      if (!webhook || typeof webhook === 'function') {","        return client.reject(new Error('webhook object is required'), callback);","      }","","      const options = {","        uri: `${api}/${id}`,","        json: webhook","      };","","      delete options.json.id;","","      return client.put(options, callback);","    },","","    /**","     * Delete an existing webhook","     *","     * @param {string} id - The ID of the webhook to delete","     * @param {RequestCb} [callback]","     * @returns {Promise}","     */","    delete: function(id, callback) {","      if (!id || typeof id === 'function') {","        return client.reject(new Error('id is required'), callback);","      }","","      const options = {","        uri: `${api}/${id}`","      };","","      return client.delete(options, callback);","    },","","    /**","     * Sends an example message event batch from the Webhook API to the target URL.","     *","     * @param {string} id - The ID of the webhook to validate","     * @param {Object} options - Hash of options used to validate the webhook","     * @param {string} options.message - The message (payload) to send to the webhook consumer.","     * @param {RequestCb} [callback]","     * @returns {Promise}","     */","    validate: function(id, options, callback) {","      if (typeof id !== 'string') {","        return client.reject(new Error('id is required'), callback);","      }","","      if (!options || typeof options === 'function' || !options.message) {","        return client.reject(new Error('message is required'), callback);","      }","","      const reqOpts = {","        uri: `${api}/${id}/validate`,","        json: {","          message: options.message","        }","      };","","      return client.post(reqOpts, callback);","    },","","    /**","     * Gets recent status information about a webhook.","     *","     * @param {string} id - The ID of the webhook to check","     * @param {Object} [options] - Hash of options","     * @param {string} [options.limit] - The maximum number of results to return.","     * @param {RequestCb} [callback]","     * @returns {Promise}","     */","    getBatchStatus: function(id, options, callback) {","      if (!options || typeof options === 'function') {","        callback = options;","        options = {};","      }","","      if (typeof id !== 'string') {","        return client.reject(new Error('id is required'), callback);","      }","","      const reqOpts = {","        uri: `${api}/${id}/batch-status`,","        qs: {}","      };","","      if (options.limit) {","        reqOpts.qs.limit = options.limit;","      }","","      return client.get(reqOpts, callback);","    },","","    /**","     * Lists descriptions of the events, event types, and event fields that could be included in a Webhooks post to your target URL.","     *","     * @param {RequestCb} [callback]","     * @returns {Promise}","     */","    getDocumentation: function(callback) {","      const reqOpts = {","        uri: `${api}/events/documentation`","      };","      return client.get(reqOpts, callback);","    },","","    /**","     * Lists examples of the event data that will be posted to a webhook consumer.","     *","     * @param {Object} [options] - Hash of options","     * @param {string} [options.events] - A comma delimited list of events to get samples of.","     * @param {RequestCb} [callback]","     * @returns {Promise}","     */","    getSamples: function(options, callback) {","      const reqOpts = {","        uri: `${api}/events/samples`,","        qs: {}","      };","","      if (!options || typeof options === 'function') {","        callback = options;","        options = {};","      }","","      if (options.events) {","        reqOpts.qs.events = options.events;","      }","","      return client.get(reqOpts, callback);","    }","  };","};",""],"l":{"3":1,"5":1,"6":0,"17":0,"22":0,"23":0,"24":0,"27":0,"28":0,"31":0,"44":0,"45":0,"46":0,"49":0,"50":0,"53":0,"58":0,"59":0,"62":0,"73":0,"74":0,"77":0,"82":0,"94":0,"95":0,"98":0,"99":0,"102":0,"107":0,"109":0,"120":0,"121":0,"124":0,"128":0,"141":0,"142":0,"145":0,"146":0,"149":0,"156":0,"169":0,"170":0,"171":0,"174":0,"175":0,"178":0,"183":0,"184":0,"187":0,"197":0,"200":0,"212":0,"217":0,"218":0,"219":0,"222":0,"223":0,"226":0}}}